mode: atomic
github.com/0xPolygonHermez/zkevm-node/aggregator/aggregator.go:76.23,78.40 2 41
github.com/0xPolygonHermez/zkevm-node/aggregator/aggregator.go:79.25,80.160 1 0
github.com/0xPolygonHermez/zkevm-node/aggregator/aggregator.go:81.30,82.131 1 18
github.com/0xPolygonHermez/zkevm-node/aggregator/aggregator.go:85.2,99.15 2 41
github.com/0xPolygonHermez/zkevm-node/aggregator/aggregator.go:103.55,105.16 2 0
github.com/0xPolygonHermez/zkevm-node/aggregator/aggregator.go:105.16,107.3 1 0
github.com/0xPolygonHermez/zkevm-node/aggregator/aggregator.go:108.2,115.125 5 0
github.com/0xPolygonHermez/zkevm-node/aggregator/aggregator.go:115.125,117.3 1 0
github.com/0xPolygonHermez/zkevm-node/aggregator/aggregator.go:120.2,121.16 2 0
github.com/0xPolygonHermez/zkevm-node/aggregator/aggregator.go:121.16,123.3 1 0
github.com/0xPolygonHermez/zkevm-node/aggregator/aggregator.go:125.2,127.16 3 0
github.com/0xPolygonHermez/zkevm-node/aggregator/aggregator.go:127.16,129.3 1 0
github.com/0xPolygonHermez/zkevm-node/aggregator/aggregator.go:131.2,137.12 5 0
github.com/0xPolygonHermez/zkevm-node/aggregator/aggregator.go:137.12,139.42 2 0
github.com/0xPolygonHermez/zkevm-node/aggregator/aggregator.go:139.42,142.4 2 0
github.com/0xPolygonHermez/zkevm-node/aggregator/aggregator.go:145.2,151.18 5 0
github.com/0xPolygonHermez/zkevm-node/aggregator/aggregator.go:155.29,158.2 2 0
github.com/0xPolygonHermez/zkevm-node/aggregator/aggregator.go:162.83,169.8 6 0
github.com/0xPolygonHermez/zkevm-node/aggregator/aggregator.go:169.8,171.3 1 0
github.com/0xPolygonHermez/zkevm-node/aggregator/aggregator.go:172.2,173.16 2 0
github.com/0xPolygonHermez/zkevm-node/aggregator/aggregator.go:173.16,175.3 1 0
github.com/0xPolygonHermez/zkevm-node/aggregator/aggregator.go:177.2,185.42 3 0
github.com/0xPolygonHermez/zkevm-node/aggregator/aggregator.go:185.42,189.3 3 0
github.com/0xPolygonHermez/zkevm-node/aggregator/aggregator.go:191.2,191.6 1 0
github.com/0xPolygonHermez/zkevm-node/aggregator/aggregator.go:191.6,192.10 1 0
github.com/0xPolygonHermez/zkevm-node/aggregator/aggregator.go:193.23,195.22 1 0
github.com/0xPolygonHermez/zkevm-node/aggregator/aggregator.go:196.21,198.20 1 0
github.com/0xPolygonHermez/zkevm-node/aggregator/aggregator.go:200.11,202.18 2 0
github.com/0xPolygonHermez/zkevm-node/aggregator/aggregator.go:202.18,205.13 3 0
github.com/0xPolygonHermez/zkevm-node/aggregator/aggregator.go:207.4,207.15 1 0
github.com/0xPolygonHermez/zkevm-node/aggregator/aggregator.go:207.15,210.13 3 0
github.com/0xPolygonHermez/zkevm-node/aggregator/aggregator.go:213.4,214.18 2 0
github.com/0xPolygonHermez/zkevm-node/aggregator/aggregator.go:214.18,216.5 1 0
github.com/0xPolygonHermez/zkevm-node/aggregator/aggregator.go:218.4,219.18 2 0
github.com/0xPolygonHermez/zkevm-node/aggregator/aggregator.go:219.18,221.5 1 0
github.com/0xPolygonHermez/zkevm-node/aggregator/aggregator.go:222.4,222.23 1 0
github.com/0xPolygonHermez/zkevm-node/aggregator/aggregator.go:222.23,224.19 2 0
github.com/0xPolygonHermez/zkevm-node/aggregator/aggregator.go:224.19,226.6 1 0
github.com/0xPolygonHermez/zkevm-node/aggregator/aggregator.go:228.4,228.23 1 0
github.com/0xPolygonHermez/zkevm-node/aggregator/aggregator.go:228.23,231.5 1 0
github.com/0xPolygonHermez/zkevm-node/aggregator/aggregator.go:241.39,242.6 1 5
github.com/0xPolygonHermez/zkevm-node/aggregator/aggregator.go:242.6,243.10 1 10
github.com/0xPolygonHermez/zkevm-node/aggregator/aggregator.go:244.23,245.10 1 5
github.com/0xPolygonHermez/zkevm-node/aggregator/aggregator.go:246.30,256.18 7 5
github.com/0xPolygonHermez/zkevm-node/aggregator/aggregator.go:256.18,259.13 3 1
github.com/0xPolygonHermez/zkevm-node/aggregator/aggregator.go:262.4,273.18 5 4
github.com/0xPolygonHermez/zkevm-node/aggregator/aggregator.go:273.18,276.13 3 2
github.com/0xPolygonHermez/zkevm-node/aggregator/aggregator.go:278.4,280.18 3 2
github.com/0xPolygonHermez/zkevm-node/aggregator/aggregator.go:280.18,284.13 4 1
github.com/0xPolygonHermez/zkevm-node/aggregator/aggregator.go:288.4,288.127 1 1
github.com/0xPolygonHermez/zkevm-node/aggregator/aggregator.go:288.127,290.5 1 1
github.com/0xPolygonHermez/zkevm-node/aggregator/aggregator.go:292.4,293.28 2 1
github.com/0xPolygonHermez/zkevm-node/aggregator/aggregator.go:298.106,302.16 4 3
github.com/0xPolygonHermez/zkevm-node/aggregator/aggregator.go:302.16,304.3 1 1
github.com/0xPolygonHermez/zkevm-node/aggregator/aggregator.go:305.2,305.26 1 3
github.com/0xPolygonHermez/zkevm-node/aggregator/aggregator.go:309.131,320.16 4 4
github.com/0xPolygonHermez/zkevm-node/aggregator/aggregator.go:320.16,322.3 1 1
github.com/0xPolygonHermez/zkevm-node/aggregator/aggregator.go:323.2,329.16 5 3
github.com/0xPolygonHermez/zkevm-node/aggregator/aggregator.go:329.16,331.3 1 1
github.com/0xPolygonHermez/zkevm-node/aggregator/aggregator.go:333.2,336.132 2 2
github.com/0xPolygonHermez/zkevm-node/aggregator/aggregator.go:336.132,340.17 2 0
github.com/0xPolygonHermez/zkevm-node/aggregator/aggregator.go:340.17,342.4 1 0
github.com/0xPolygonHermez/zkevm-node/aggregator/aggregator.go:343.3,346.72 3 0
github.com/0xPolygonHermez/zkevm-node/aggregator/aggregator.go:349.2,349.24 1 2
github.com/0xPolygonHermez/zkevm-node/aggregator/aggregator.go:356.120,368.25 6 15
github.com/0xPolygonHermez/zkevm-node/aggregator/aggregator.go:368.25,371.3 2 4
github.com/0xPolygonHermez/zkevm-node/aggregator/aggregator.go:372.2,374.28 2 11
github.com/0xPolygonHermez/zkevm-node/aggregator/aggregator.go:374.28,377.11 3 0
github.com/0xPolygonHermez/zkevm-node/aggregator/aggregator.go:380.2,382.54 3 11
github.com/0xPolygonHermez/zkevm-node/aggregator/aggregator.go:382.54,384.3 1 2
github.com/0xPolygonHermez/zkevm-node/aggregator/aggregator.go:385.2,385.30 1 9
github.com/0xPolygonHermez/zkevm-node/aggregator/aggregator.go:385.30,387.3 1 9
github.com/0xPolygonHermez/zkevm-node/aggregator/aggregator.go:389.2,389.18 1 9
github.com/0xPolygonHermez/zkevm-node/aggregator/aggregator.go:389.18,394.40 2 5
github.com/0xPolygonHermez/zkevm-node/aggregator/aggregator.go:394.40,398.4 2 1
github.com/0xPolygonHermez/zkevm-node/aggregator/aggregator.go:399.3,399.17 1 4
github.com/0xPolygonHermez/zkevm-node/aggregator/aggregator.go:399.17,401.4 1 1
github.com/0xPolygonHermez/zkevm-node/aggregator/aggregator.go:403.3,403.16 1 3
github.com/0xPolygonHermez/zkevm-node/aggregator/aggregator.go:403.16,404.18 1 3
github.com/0xPolygonHermez/zkevm-node/aggregator/aggregator.go:404.18,408.20 3 2
github.com/0xPolygonHermez/zkevm-node/aggregator/aggregator.go:408.20,410.6 1 0
github.com/0xPolygonHermez/zkevm-node/aggregator/aggregator.go:413.8,417.17 2 4
github.com/0xPolygonHermez/zkevm-node/aggregator/aggregator.go:417.17,419.4 1 1
github.com/0xPolygonHermez/zkevm-node/aggregator/aggregator.go:420.3,420.16 1 3
github.com/0xPolygonHermez/zkevm-node/aggregator/aggregator.go:420.16,422.4 1 2
github.com/0xPolygonHermez/zkevm-node/aggregator/aggregator.go:425.2,432.16 3 4
github.com/0xPolygonHermez/zkevm-node/aggregator/aggregator.go:432.16,436.3 3 2
github.com/0xPolygonHermez/zkevm-node/aggregator/aggregator.go:438.2,445.9 2 2
github.com/0xPolygonHermez/zkevm-node/aggregator/aggregator.go:446.22,447.28 1 0
github.com/0xPolygonHermez/zkevm-node/aggregator/aggregator.go:448.27,448.27 0 2
github.com/0xPolygonHermez/zkevm-node/aggregator/aggregator.go:451.2,452.18 2 2
github.com/0xPolygonHermez/zkevm-node/aggregator/aggregator.go:455.133,458.46 2 4
github.com/0xPolygonHermez/zkevm-node/aggregator/aggregator.go:458.46,459.95 1 1
github.com/0xPolygonHermez/zkevm-node/aggregator/aggregator.go:459.95,462.4 1 0
github.com/0xPolygonHermez/zkevm-node/aggregator/aggregator.go:462.9,462.58 1 1
github.com/0xPolygonHermez/zkevm-node/aggregator/aggregator.go:462.58,466.18 3 0
github.com/0xPolygonHermez/zkevm-node/aggregator/aggregator.go:466.18,468.5 1 0
github.com/0xPolygonHermez/zkevm-node/aggregator/aggregator.go:469.4,469.21 1 0
github.com/0xPolygonHermez/zkevm-node/aggregator/aggregator.go:470.9,473.4 2 1
github.com/0xPolygonHermez/zkevm-node/aggregator/aggregator.go:476.2,477.16 2 3
github.com/0xPolygonHermez/zkevm-node/aggregator/aggregator.go:477.16,479.3 1 1
github.com/0xPolygonHermez/zkevm-node/aggregator/aggregator.go:480.2,480.16 1 2
github.com/0xPolygonHermez/zkevm-node/aggregator/aggregator.go:480.16,483.3 2 1
github.com/0xPolygonHermez/zkevm-node/aggregator/aggregator.go:484.2,484.18 1 1
github.com/0xPolygonHermez/zkevm-node/aggregator/aggregator.go:487.147,493.16 4 5
github.com/0xPolygonHermez/zkevm-node/aggregator/aggregator.go:493.16,495.3 1 2
github.com/0xPolygonHermez/zkevm-node/aggregator/aggregator.go:497.2,501.16 4 3
github.com/0xPolygonHermez/zkevm-node/aggregator/aggregator.go:501.16,503.3 1 0
github.com/0xPolygonHermez/zkevm-node/aggregator/aggregator.go:505.2,505.27 1 3
github.com/0xPolygonHermez/zkevm-node/aggregator/aggregator.go:508.115,511.16 2 5
github.com/0xPolygonHermez/zkevm-node/aggregator/aggregator.go:511.16,514.3 2 0
github.com/0xPolygonHermez/zkevm-node/aggregator/aggregator.go:516.2,518.16 3 5
github.com/0xPolygonHermez/zkevm-node/aggregator/aggregator.go:518.16,521.3 2 4
github.com/0xPolygonHermez/zkevm-node/aggregator/aggregator.go:523.2,523.16 1 5
github.com/0xPolygonHermez/zkevm-node/aggregator/aggregator.go:523.16,524.44 1 1
github.com/0xPolygonHermez/zkevm-node/aggregator/aggregator.go:524.44,528.4 3 0
github.com/0xPolygonHermez/zkevm-node/aggregator/aggregator.go:529.3,529.74 1 1
github.com/0xPolygonHermez/zkevm-node/aggregator/aggregator.go:532.2,533.16 2 4
github.com/0xPolygonHermez/zkevm-node/aggregator/aggregator.go:533.16,535.3 1 0
github.com/0xPolygonHermez/zkevm-node/aggregator/aggregator.go:537.2,537.12 1 4
github.com/0xPolygonHermez/zkevm-node/aggregator/aggregator.go:540.131,551.16 5 10
github.com/0xPolygonHermez/zkevm-node/aggregator/aggregator.go:551.16,553.3 1 2
github.com/0xPolygonHermez/zkevm-node/aggregator/aggregator.go:556.2,557.16 2 8
github.com/0xPolygonHermez/zkevm-node/aggregator/aggregator.go:557.16,560.3 2 0
github.com/0xPolygonHermez/zkevm-node/aggregator/aggregator.go:562.2,565.16 4 8
github.com/0xPolygonHermez/zkevm-node/aggregator/aggregator.go:565.16,568.3 2 7
github.com/0xPolygonHermez/zkevm-node/aggregator/aggregator.go:570.2,570.16 1 8
github.com/0xPolygonHermez/zkevm-node/aggregator/aggregator.go:570.16,571.44 1 1
github.com/0xPolygonHermez/zkevm-node/aggregator/aggregator.go:571.44,575.4 3 0
github.com/0xPolygonHermez/zkevm-node/aggregator/aggregator.go:576.3,576.79 1 1
github.com/0xPolygonHermez/zkevm-node/aggregator/aggregator.go:579.2,580.16 2 7
github.com/0xPolygonHermez/zkevm-node/aggregator/aggregator.go:580.16,582.3 1 0
github.com/0xPolygonHermez/zkevm-node/aggregator/aggregator.go:584.2,584.28 1 7
github.com/0xPolygonHermez/zkevm-node/aggregator/aggregator.go:587.100,599.40 6 10
github.com/0xPolygonHermez/zkevm-node/aggregator/aggregator.go:599.40,603.3 2 1
github.com/0xPolygonHermez/zkevm-node/aggregator/aggregator.go:604.2,604.17 1 9
github.com/0xPolygonHermez/zkevm-node/aggregator/aggregator.go:604.17,606.3 1 2
github.com/0xPolygonHermez/zkevm-node/aggregator/aggregator.go:608.2,613.15 2 7
github.com/0xPolygonHermez/zkevm-node/aggregator/aggregator.go:613.15,614.17 1 7
github.com/0xPolygonHermez/zkevm-node/aggregator/aggregator.go:614.17,616.19 2 5
github.com/0xPolygonHermez/zkevm-node/aggregator/aggregator.go:616.19,618.5 1 1
github.com/0xPolygonHermez/zkevm-node/aggregator/aggregator.go:620.3,620.38 1 7
github.com/0xPolygonHermez/zkevm-node/aggregator/aggregator.go:623.2,633.16 6 7
github.com/0xPolygonHermez/zkevm-node/aggregator/aggregator.go:633.16,637.3 3 0
github.com/0xPolygonHermez/zkevm-node/aggregator/aggregator.go:639.2,648.16 3 7
github.com/0xPolygonHermez/zkevm-node/aggregator/aggregator.go:648.16,652.3 3 1
github.com/0xPolygonHermez/zkevm-node/aggregator/aggregator.go:654.2,660.16 5 6
github.com/0xPolygonHermez/zkevm-node/aggregator/aggregator.go:660.16,664.3 3 2
github.com/0xPolygonHermez/zkevm-node/aggregator/aggregator.go:666.2,673.16 4 4
github.com/0xPolygonHermez/zkevm-node/aggregator/aggregator.go:673.16,677.3 3 0
github.com/0xPolygonHermez/zkevm-node/aggregator/aggregator.go:679.2,680.16 2 4
github.com/0xPolygonHermez/zkevm-node/aggregator/aggregator.go:680.16,681.44 1 1
github.com/0xPolygonHermez/zkevm-node/aggregator/aggregator.go:681.44,685.4 3 0
github.com/0xPolygonHermez/zkevm-node/aggregator/aggregator.go:686.3,688.20 3 1
github.com/0xPolygonHermez/zkevm-node/aggregator/aggregator.go:691.2,695.16 4 3
github.com/0xPolygonHermez/zkevm-node/aggregator/aggregator.go:695.16,696.44 1 1
github.com/0xPolygonHermez/zkevm-node/aggregator/aggregator.go:696.44,700.4 3 0
github.com/0xPolygonHermez/zkevm-node/aggregator/aggregator.go:701.3,703.20 3 1
github.com/0xPolygonHermez/zkevm-node/aggregator/aggregator.go:706.2,707.16 2 2
github.com/0xPolygonHermez/zkevm-node/aggregator/aggregator.go:707.16,711.3 3 0
github.com/0xPolygonHermez/zkevm-node/aggregator/aggregator.go:718.2,719.26 2 2
github.com/0xPolygonHermez/zkevm-node/aggregator/aggregator.go:719.26,722.3 1 1
github.com/0xPolygonHermez/zkevm-node/aggregator/aggregator.go:726.2,726.22 1 2
github.com/0xPolygonHermez/zkevm-node/aggregator/aggregator.go:726.22,731.17 3 2
github.com/0xPolygonHermez/zkevm-node/aggregator/aggregator.go:731.17,735.4 3 0
github.com/0xPolygonHermez/zkevm-node/aggregator/aggregator.go:738.2,738.18 1 2
github.com/0xPolygonHermez/zkevm-node/aggregator/aggregator.go:741.126,755.16 7 7
github.com/0xPolygonHermez/zkevm-node/aggregator/aggregator.go:755.16,757.3 1 2
github.com/0xPolygonHermez/zkevm-node/aggregator/aggregator.go:760.2,761.16 2 5
github.com/0xPolygonHermez/zkevm-node/aggregator/aggregator.go:761.16,763.3 1 0
github.com/0xPolygonHermez/zkevm-node/aggregator/aggregator.go:765.2,772.16 5 5
github.com/0xPolygonHermez/zkevm-node/aggregator/aggregator.go:772.16,775.3 2 0
github.com/0xPolygonHermez/zkevm-node/aggregator/aggregator.go:777.2,777.19 1 5
github.com/0xPolygonHermez/zkevm-node/aggregator/aggregator.go:777.19,780.3 2 0
github.com/0xPolygonHermez/zkevm-node/aggregator/aggregator.go:782.2,793.16 4 5
github.com/0xPolygonHermez/zkevm-node/aggregator/aggregator.go:793.16,796.3 2 0
github.com/0xPolygonHermez/zkevm-node/aggregator/aggregator.go:798.2,798.34 1 5
github.com/0xPolygonHermez/zkevm-node/aggregator/aggregator.go:801.103,810.40 4 7
github.com/0xPolygonHermez/zkevm-node/aggregator/aggregator.go:810.40,814.3 2 1
github.com/0xPolygonHermez/zkevm-node/aggregator/aggregator.go:815.2,815.17 1 6
github.com/0xPolygonHermez/zkevm-node/aggregator/aggregator.go:815.17,817.3 1 1
github.com/0xPolygonHermez/zkevm-node/aggregator/aggregator.go:819.2,826.15 3 5
github.com/0xPolygonHermez/zkevm-node/aggregator/aggregator.go:826.15,827.17 1 5
github.com/0xPolygonHermez/zkevm-node/aggregator/aggregator.go:827.17,829.19 2 3
github.com/0xPolygonHermez/zkevm-node/aggregator/aggregator.go:829.19,831.5 1 1
github.com/0xPolygonHermez/zkevm-node/aggregator/aggregator.go:833.3,833.41 1 5
github.com/0xPolygonHermez/zkevm-node/aggregator/aggregator.go:836.2,840.16 4 5
github.com/0xPolygonHermez/zkevm-node/aggregator/aggregator.go:840.16,844.3 3 0
github.com/0xPolygonHermez/zkevm-node/aggregator/aggregator.go:846.2,847.16 2 5
github.com/0xPolygonHermez/zkevm-node/aggregator/aggregator.go:847.16,851.3 3 0
github.com/0xPolygonHermez/zkevm-node/aggregator/aggregator.go:853.2,859.16 4 5
github.com/0xPolygonHermez/zkevm-node/aggregator/aggregator.go:859.16,863.3 3 1
github.com/0xPolygonHermez/zkevm-node/aggregator/aggregator.go:865.2,871.16 5 4
github.com/0xPolygonHermez/zkevm-node/aggregator/aggregator.go:871.16,875.3 3 2
github.com/0xPolygonHermez/zkevm-node/aggregator/aggregator.go:877.2,885.26 4 2
github.com/0xPolygonHermez/zkevm-node/aggregator/aggregator.go:885.26,888.3 1 1
github.com/0xPolygonHermez/zkevm-node/aggregator/aggregator.go:892.2,892.22 1 2
github.com/0xPolygonHermez/zkevm-node/aggregator/aggregator.go:892.22,897.17 3 2
github.com/0xPolygonHermez/zkevm-node/aggregator/aggregator.go:897.17,901.4 3 0
github.com/0xPolygonHermez/zkevm-node/aggregator/aggregator.go:904.2,904.18 1 2
github.com/0xPolygonHermez/zkevm-node/aggregator/aggregator.go:909.44,913.2 3 15
github.com/0xPolygonHermez/zkevm-node/aggregator/aggregator.go:916.47,920.2 3 5
github.com/0xPolygonHermez/zkevm-node/aggregator/aggregator.go:923.45,927.2 3 5
github.com/0xPolygonHermez/zkevm-node/aggregator/aggregator.go:930.45,934.2 3 18
github.com/0xPolygonHermez/zkevm-node/aggregator/aggregator.go:938.75,941.30 2 20
github.com/0xPolygonHermez/zkevm-node/aggregator/aggregator.go:941.30,943.3 1 1
github.com/0xPolygonHermez/zkevm-node/aggregator/aggregator.go:944.2,944.16 1 19
github.com/0xPolygonHermez/zkevm-node/aggregator/aggregator.go:944.16,947.3 2 1
github.com/0xPolygonHermez/zkevm-node/aggregator/aggregator.go:949.2,949.30 1 18
github.com/0xPolygonHermez/zkevm-node/aggregator/aggregator.go:949.30,951.3 1 1
github.com/0xPolygonHermez/zkevm-node/aggregator/aggregator.go:953.2,953.66 1 17
github.com/0xPolygonHermez/zkevm-node/aggregator/aggregator.go:953.66,956.3 2 1
github.com/0xPolygonHermez/zkevm-node/aggregator/aggregator.go:959.2,960.16 2 16
github.com/0xPolygonHermez/zkevm-node/aggregator/aggregator.go:960.16,963.3 2 1
github.com/0xPolygonHermez/zkevm-node/aggregator/aggregator.go:966.2,966.61 1 15
github.com/0xPolygonHermez/zkevm-node/aggregator/aggregator.go:966.61,970.3 2 1
github.com/0xPolygonHermez/zkevm-node/aggregator/aggregator.go:972.2,972.13 1 14
github.com/0xPolygonHermez/zkevm-node/aggregator/aggregator.go:975.117,977.44 2 10
github.com/0xPolygonHermez/zkevm-node/aggregator/aggregator.go:977.44,979.3 1 0
github.com/0xPolygonHermez/zkevm-node/aggregator/aggregator.go:981.2,983.137 3 10
github.com/0xPolygonHermez/zkevm-node/aggregator/aggregator.go:983.137,985.3 1 0
github.com/0xPolygonHermez/zkevm-node/aggregator/aggregator.go:985.8,987.17 2 10
github.com/0xPolygonHermez/zkevm-node/aggregator/aggregator.go:987.17,990.4 2 0
github.com/0xPolygonHermez/zkevm-node/aggregator/aggregator.go:993.2,995.16 3 10
github.com/0xPolygonHermez/zkevm-node/aggregator/aggregator.go:995.16,998.3 2 0
github.com/0xPolygonHermez/zkevm-node/aggregator/aggregator.go:999.2,1002.20 3 10
github.com/0xPolygonHermez/zkevm-node/aggregator/aggregator.go:1002.20,1004.17 2 10
github.com/0xPolygonHermez/zkevm-node/aggregator/aggregator.go:1004.17,1006.4 1 0
github.com/0xPolygonHermez/zkevm-node/aggregator/aggregator.go:1008.3,1008.50 1 10
github.com/0xPolygonHermez/zkevm-node/aggregator/aggregator.go:1008.50,1010.53 2 0
github.com/0xPolygonHermez/zkevm-node/aggregator/aggregator.go:1010.53,1012.19 2 0
github.com/0xPolygonHermez/zkevm-node/aggregator/aggregator.go:1012.19,1014.6 1 0
github.com/0xPolygonHermez/zkevm-node/aggregator/aggregator.go:1016.5,1017.19 2 0
github.com/0xPolygonHermez/zkevm-node/aggregator/aggregator.go:1017.19,1019.6 1 0
github.com/0xPolygonHermez/zkevm-node/aggregator/aggregator.go:1021.5,1022.33 2 0
github.com/0xPolygonHermez/zkevm-node/aggregator/aggregator.go:1022.33,1024.6 1 0
github.com/0xPolygonHermez/zkevm-node/aggregator/aggregator.go:1027.5,1028.19 2 0
github.com/0xPolygonHermez/zkevm-node/aggregator/aggregator.go:1028.19,1030.6 1 0
github.com/0xPolygonHermez/zkevm-node/aggregator/aggregator.go:1032.5,1033.36 2 0
github.com/0xPolygonHermez/zkevm-node/aggregator/aggregator.go:1033.36,1036.6 2 0
github.com/0xPolygonHermez/zkevm-node/aggregator/aggregator.go:1038.5,1043.6 1 0
github.com/0xPolygonHermez/zkevm-node/aggregator/aggregator.go:1046.8,1048.99 1 0
github.com/0xPolygonHermez/zkevm-node/aggregator/aggregator.go:1048.99,1050.18 2 0
github.com/0xPolygonHermez/zkevm-node/aggregator/aggregator.go:1050.18,1052.5 1 0
github.com/0xPolygonHermez/zkevm-node/aggregator/aggregator.go:1053.9,1055.18 2 0
github.com/0xPolygonHermez/zkevm-node/aggregator/aggregator.go:1055.18,1057.5 1 0
github.com/0xPolygonHermez/zkevm-node/aggregator/aggregator.go:1061.2,1082.25 3 10
github.com/0xPolygonHermez/zkevm-node/aggregator/aggregator.go:1085.56,1098.2 12 10
github.com/0xPolygonHermez/zkevm-node/aggregator/aggregator.go:1105.40,1107.2 1 0
github.com/0xPolygonHermez/zkevm-node/aggregator/aggregator.go:1113.130,1118.2 2 0
github.com/0xPolygonHermez/zkevm-node/aggregator/aggregator.go:1122.112,1127.2 2 0
github.com/0xPolygonHermez/zkevm-node/aggregator/aggregator.go:1129.85,1131.59 2 1
github.com/0xPolygonHermez/zkevm-node/aggregator/aggregator.go:1131.59,1133.3 1 0
github.com/0xPolygonHermez/zkevm-node/aggregator/aggregator.go:1136.2,1139.16 4 1
github.com/0xPolygonHermez/zkevm-node/aggregator/aggregator.go:1139.16,1141.3 1 0
github.com/0xPolygonHermez/zkevm-node/aggregator/aggregator.go:1143.2,1145.16 3 1
github.com/0xPolygonHermez/zkevm-node/aggregator/aggregator.go:1145.16,1147.3 1 0
github.com/0xPolygonHermez/zkevm-node/aggregator/aggregator.go:1149.2,1154.49 4 1
github.com/0xPolygonHermez/zkevm-node/aggregator/aggregator.go:1154.49,1157.3 2 0
github.com/0xPolygonHermez/zkevm-node/aggregator/aggregator.go:1161.2,1162.16 2 1
github.com/0xPolygonHermez/zkevm-node/aggregator/aggregator.go:1162.16,1164.3 1 0
github.com/0xPolygonHermez/zkevm-node/aggregator/aggregator.go:1167.70,1169.2 1 4
github.com/0xPolygonHermez/zkevm-node/aggregator/aggregator.go:1171.44,1172.6 1 0
github.com/0xPolygonHermez/zkevm-node/aggregator/aggregator.go:1172.6,1173.10 1 0
github.com/0xPolygonHermez/zkevm-node/aggregator/aggregator.go:1174.23,1175.10 1 0
github.com/0xPolygonHermez/zkevm-node/aggregator/aggregator.go:1176.57,1178.18 2 0
github.com/0xPolygonHermez/zkevm-node/aggregator/aggregator.go:1178.18,1180.5 1 0
github.com/0xPolygonHermez/zkevm-node/aggregator/aggregator.go:1181.4,1181.14 1 0
github.com/0xPolygonHermez/zkevm-node/aggregator/aggregator.go:1181.14,1183.5 1 0
github.com/0xPolygonHermez/zkevm-node/aggregator/aggregator.go:1183.10,1183.20 1 0
github.com/0xPolygonHermez/zkevm-node/aggregator/aggregator.go:1183.20,1185.5 1 0
github.com/0xPolygonHermez/zkevm-node/aggregator/aggregator.go:1192.36,1196.2 3 10
github.com/0xPolygonHermez/zkevm-node/aggregator/config.go:17.68,19.9 2 0
github.com/0xPolygonHermez/zkevm-node/aggregator/config.go:19.9,21.3 1 0
github.com/0xPolygonHermez/zkevm-node/aggregator/config.go:22.2,28.12 6 0
github.com/0xPolygonHermez/zkevm-node/aggregator/profitabilitychecker.go:27.130,33.2 1 0
github.com/0xPolygonHermez/zkevm-node/aggregator/profitabilitychecker.go:36.111,48.2 1 0
github.com/0xPolygonHermez/zkevm-node/aggregator/profitabilitychecker.go:57.120,62.2 1 18
github.com/0xPolygonHermez/zkevm-node/aggregator/profitabilitychecker.go:65.116,77.2 1 5
github.com/0xPolygonHermez/zkevm-node/ci/e2e-group1/shared.go:59.14,63.16 4 0
github.com/0xPolygonHermez/zkevm-node/ci/e2e-group1/shared.go:63.16,64.13 1 0
github.com/0xPolygonHermez/zkevm-node/ci/e2e-group1/shared.go:67.2,69.16 3 0
github.com/0xPolygonHermez/zkevm-node/ci/e2e-group1/shared.go:69.16,70.13 1 0
github.com/0xPolygonHermez/zkevm-node/ci/e2e-group1/shared.go:72.2,73.16 2 0
github.com/0xPolygonHermez/zkevm-node/ci/e2e-group1/shared.go:73.16,74.13 1 0
github.com/0xPolygonHermez/zkevm-node/ci/e2e-group1/shared.go:78.17,80.16 2 0
github.com/0xPolygonHermez/zkevm-node/ci/e2e-group1/shared.go:80.16,81.13 1 0
github.com/0xPolygonHermez/zkevm-node/ci/e2e-group1/shared.go:85.133,87.16 2 0
github.com/0xPolygonHermez/zkevm-node/ci/e2e-group1/shared.go:87.16,89.3 1 0
github.com/0xPolygonHermez/zkevm-node/ci/e2e-group1/shared.go:90.2,91.16 2 0
github.com/0xPolygonHermez/zkevm-node/ci/e2e-group1/shared.go:91.16,93.3 1 0
github.com/0xPolygonHermez/zkevm-node/ci/e2e-group1/shared.go:95.2,96.16 2 0
github.com/0xPolygonHermez/zkevm-node/ci/e2e-group1/shared.go:96.16,98.3 1 0
github.com/0xPolygonHermez/zkevm-node/ci/e2e-group1/shared.go:100.2,101.31 2 0
github.com/0xPolygonHermez/zkevm-node/ci/e2e-group1/shared.go:101.31,103.3 1 0
github.com/0xPolygonHermez/zkevm-node/ci/e2e-group1/shared.go:104.2,106.16 3 0
github.com/0xPolygonHermez/zkevm-node/ci/e2e-group1/shared.go:106.16,108.3 1 0
github.com/0xPolygonHermez/zkevm-node/ci/e2e-group1/shared.go:109.2,111.16 3 0
github.com/0xPolygonHermez/zkevm-node/ci/e2e-group1/shared.go:111.16,113.3 1 0
github.com/0xPolygonHermez/zkevm-node/ci/e2e-group1/shared.go:114.2,114.22 1 0
github.com/0xPolygonHermez/zkevm-node/ci/e2e-group1/shared.go:117.38,132.2 11 0
github.com/0xPolygonHermez/zkevm-node/ci/e2e-group1/shared.go:134.107,189.28 36 0
github.com/0xPolygonHermez/zkevm-node/ci/e2e-group1/shared.go:189.28,190.59 1 0
github.com/0xPolygonHermez/zkevm-node/ci/e2e-group1/shared.go:190.59,193.12 3 0
github.com/0xPolygonHermez/zkevm-node/ci/e2e-group1/shared.go:195.3,196.17 2 0
github.com/0xPolygonHermez/zkevm-node/ci/e2e-group1/shared.go:196.17,198.4 1 0
github.com/0xPolygonHermez/zkevm-node/ci/e2e-group1/shared.go:199.3,204.17 6 0
github.com/0xPolygonHermez/zkevm-node/ci/e2e-group1/shared.go:204.17,207.4 2 0
github.com/0xPolygonHermez/zkevm-node/ci/e2e-group1/shared.go:208.3,210.44 3 0
github.com/0xPolygonHermez/zkevm-node/ci/e2e-group1/shared.go:210.44,213.4 2 0
github.com/0xPolygonHermez/zkevm-node/ci/e2e-group1/shared.go:214.3,223.26 8 0
github.com/0xPolygonHermez/zkevm-node/ci/e2e-group1/shared.go:226.2,226.25 1 0
github.com/0xPolygonHermez/zkevm-node/ci/e2e-group10/forced_batches_vector_shared.go:23.83,31.91 6 0
github.com/0xPolygonHermez/zkevm-node/ci/e2e-group10/forced_batches_vector_shared.go:31.91,32.17 1 0
github.com/0xPolygonHermez/zkevm-node/ci/e2e-group10/forced_batches_vector_shared.go:32.17,34.4 1 0
github.com/0xPolygonHermez/zkevm-node/ci/e2e-group10/forced_batches_vector_shared.go:35.3,35.68 1 0
github.com/0xPolygonHermez/zkevm-node/ci/e2e-group10/forced_batches_vector_shared.go:35.68,37.42 1 0
github.com/0xPolygonHermez/zkevm-node/ci/e2e-group10/forced_batches_vector_shared.go:37.42,39.18 1 0
github.com/0xPolygonHermez/zkevm-node/ci/e2e-group10/forced_batches_vector_shared.go:39.18,41.6 1 0
github.com/0xPolygonHermez/zkevm-node/ci/e2e-group10/forced_batches_vector_shared.go:44.5,89.19 34 0
github.com/0xPolygonHermez/zkevm-node/ci/e2e-group10/forced_batches_vector_shared.go:89.19,93.6 3 0
github.com/0xPolygonHermez/zkevm-node/ci/e2e-group10/forced_batches_vector_shared.go:95.5,99.63 5 0
github.com/0xPolygonHermez/zkevm-node/ci/e2e-group10/forced_batches_vector_shared.go:99.63,100.41 1 0
github.com/0xPolygonHermez/zkevm-node/ci/e2e-group10/forced_batches_vector_shared.go:100.41,102.7 1 0
github.com/0xPolygonHermez/zkevm-node/ci/e2e-group10/forced_batches_vector_shared.go:102.12,104.7 1 0
github.com/0xPolygonHermez/zkevm-node/ci/e2e-group10/forced_batches_vector_shared.go:105.6,114.41 9 0
github.com/0xPolygonHermez/zkevm-node/ci/e2e-group10/forced_batches_vector_shared.go:114.41,116.79 2 0
github.com/0xPolygonHermez/zkevm-node/ci/e2e-group10/forced_batches_vector_shared.go:116.79,124.8 7 0
github.com/0xPolygonHermez/zkevm-node/ci/e2e-group10/forced_batches_vector_shared.go:126.7,129.102 4 0
github.com/0xPolygonHermez/zkevm-node/ci/e2e-group10/forced_batches_vector_shared.go:132.5,132.11 1 0
github.com/0xPolygonHermez/zkevm-node/ci/e2e-group10/forced_batches_vector_shared.go:135.4,135.14 1 0
github.com/0xPolygonHermez/zkevm-node/ci/e2e-group10/forced_batches_vector_shared.go:137.3,137.13 1 0
github.com/0xPolygonHermez/zkevm-node/ci/e2e-group10/forced_batches_vector_shared.go:139.2,139.25 1 0
github.com/0xPolygonHermez/zkevm-node/ci/e2e-group10/shared.go:59.14,63.16 4 0
github.com/0xPolygonHermez/zkevm-node/ci/e2e-group10/shared.go:63.16,64.13 1 0
github.com/0xPolygonHermez/zkevm-node/ci/e2e-group10/shared.go:67.2,69.16 3 0
github.com/0xPolygonHermez/zkevm-node/ci/e2e-group10/shared.go:69.16,70.13 1 0
github.com/0xPolygonHermez/zkevm-node/ci/e2e-group10/shared.go:72.2,73.16 2 0
github.com/0xPolygonHermez/zkevm-node/ci/e2e-group10/shared.go:73.16,74.13 1 0
github.com/0xPolygonHermez/zkevm-node/ci/e2e-group10/shared.go:78.17,80.16 2 0
github.com/0xPolygonHermez/zkevm-node/ci/e2e-group10/shared.go:80.16,81.13 1 0
github.com/0xPolygonHermez/zkevm-node/ci/e2e-group10/shared.go:85.133,87.16 2 0
github.com/0xPolygonHermez/zkevm-node/ci/e2e-group10/shared.go:87.16,89.3 1 0
github.com/0xPolygonHermez/zkevm-node/ci/e2e-group10/shared.go:90.2,91.16 2 0
github.com/0xPolygonHermez/zkevm-node/ci/e2e-group10/shared.go:91.16,93.3 1 0
github.com/0xPolygonHermez/zkevm-node/ci/e2e-group10/shared.go:95.2,96.16 2 0
github.com/0xPolygonHermez/zkevm-node/ci/e2e-group10/shared.go:96.16,98.3 1 0
github.com/0xPolygonHermez/zkevm-node/ci/e2e-group10/shared.go:100.2,101.31 2 0
github.com/0xPolygonHermez/zkevm-node/ci/e2e-group10/shared.go:101.31,103.3 1 0
github.com/0xPolygonHermez/zkevm-node/ci/e2e-group10/shared.go:104.2,106.16 3 0
github.com/0xPolygonHermez/zkevm-node/ci/e2e-group10/shared.go:106.16,108.3 1 0
github.com/0xPolygonHermez/zkevm-node/ci/e2e-group10/shared.go:109.2,111.16 3 0
github.com/0xPolygonHermez/zkevm-node/ci/e2e-group10/shared.go:111.16,113.3 1 0
github.com/0xPolygonHermez/zkevm-node/ci/e2e-group10/shared.go:114.2,114.22 1 0
github.com/0xPolygonHermez/zkevm-node/ci/e2e-group10/shared.go:117.38,132.2 11 0
github.com/0xPolygonHermez/zkevm-node/ci/e2e-group10/shared.go:134.107,189.28 36 0
github.com/0xPolygonHermez/zkevm-node/ci/e2e-group10/shared.go:189.28,190.59 1 0
github.com/0xPolygonHermez/zkevm-node/ci/e2e-group10/shared.go:190.59,193.12 3 0
github.com/0xPolygonHermez/zkevm-node/ci/e2e-group10/shared.go:195.3,196.17 2 0
github.com/0xPolygonHermez/zkevm-node/ci/e2e-group10/shared.go:196.17,198.4 1 0
github.com/0xPolygonHermez/zkevm-node/ci/e2e-group10/shared.go:199.3,204.17 6 0
github.com/0xPolygonHermez/zkevm-node/ci/e2e-group10/shared.go:204.17,207.4 2 0
github.com/0xPolygonHermez/zkevm-node/ci/e2e-group10/shared.go:208.3,210.44 3 0
github.com/0xPolygonHermez/zkevm-node/ci/e2e-group10/shared.go:210.44,213.4 2 0
github.com/0xPolygonHermez/zkevm-node/ci/e2e-group10/shared.go:214.3,223.26 8 0
github.com/0xPolygonHermez/zkevm-node/ci/e2e-group10/shared.go:226.2,226.25 1 0
github.com/0xPolygonHermez/zkevm-node/ci/e2e-group11/forced_batches_vector_shared.go:23.83,31.91 6 0
github.com/0xPolygonHermez/zkevm-node/ci/e2e-group11/forced_batches_vector_shared.go:31.91,32.17 1 0
github.com/0xPolygonHermez/zkevm-node/ci/e2e-group11/forced_batches_vector_shared.go:32.17,34.4 1 0
github.com/0xPolygonHermez/zkevm-node/ci/e2e-group11/forced_batches_vector_shared.go:35.3,35.68 1 0
github.com/0xPolygonHermez/zkevm-node/ci/e2e-group11/forced_batches_vector_shared.go:35.68,37.42 1 0
github.com/0xPolygonHermez/zkevm-node/ci/e2e-group11/forced_batches_vector_shared.go:37.42,39.18 1 0
github.com/0xPolygonHermez/zkevm-node/ci/e2e-group11/forced_batches_vector_shared.go:39.18,41.6 1 0
github.com/0xPolygonHermez/zkevm-node/ci/e2e-group11/forced_batches_vector_shared.go:44.5,89.19 34 0
github.com/0xPolygonHermez/zkevm-node/ci/e2e-group11/forced_batches_vector_shared.go:89.19,93.6 3 0
github.com/0xPolygonHermez/zkevm-node/ci/e2e-group11/forced_batches_vector_shared.go:95.5,99.63 5 0
github.com/0xPolygonHermez/zkevm-node/ci/e2e-group11/forced_batches_vector_shared.go:99.63,100.41 1 0
github.com/0xPolygonHermez/zkevm-node/ci/e2e-group11/forced_batches_vector_shared.go:100.41,102.7 1 0
github.com/0xPolygonHermez/zkevm-node/ci/e2e-group11/forced_batches_vector_shared.go:102.12,104.7 1 0
github.com/0xPolygonHermez/zkevm-node/ci/e2e-group11/forced_batches_vector_shared.go:105.6,114.41 9 0
github.com/0xPolygonHermez/zkevm-node/ci/e2e-group11/forced_batches_vector_shared.go:114.41,116.79 2 0
github.com/0xPolygonHermez/zkevm-node/ci/e2e-group11/forced_batches_vector_shared.go:116.79,124.8 7 0
github.com/0xPolygonHermez/zkevm-node/ci/e2e-group11/forced_batches_vector_shared.go:126.7,129.102 4 0
github.com/0xPolygonHermez/zkevm-node/ci/e2e-group11/forced_batches_vector_shared.go:132.5,132.11 1 0
github.com/0xPolygonHermez/zkevm-node/ci/e2e-group11/forced_batches_vector_shared.go:135.4,135.14 1 0
github.com/0xPolygonHermez/zkevm-node/ci/e2e-group11/forced_batches_vector_shared.go:137.3,137.13 1 0
github.com/0xPolygonHermez/zkevm-node/ci/e2e-group11/forced_batches_vector_shared.go:139.2,139.25 1 0
github.com/0xPolygonHermez/zkevm-node/ci/e2e-group11/shared.go:59.14,63.16 4 0
github.com/0xPolygonHermez/zkevm-node/ci/e2e-group11/shared.go:63.16,64.13 1 0
github.com/0xPolygonHermez/zkevm-node/ci/e2e-group11/shared.go:67.2,69.16 3 0
github.com/0xPolygonHermez/zkevm-node/ci/e2e-group11/shared.go:69.16,70.13 1 0
github.com/0xPolygonHermez/zkevm-node/ci/e2e-group11/shared.go:72.2,73.16 2 0
github.com/0xPolygonHermez/zkevm-node/ci/e2e-group11/shared.go:73.16,74.13 1 0
github.com/0xPolygonHermez/zkevm-node/ci/e2e-group11/shared.go:78.17,80.16 2 0
github.com/0xPolygonHermez/zkevm-node/ci/e2e-group11/shared.go:80.16,81.13 1 0
github.com/0xPolygonHermez/zkevm-node/ci/e2e-group11/shared.go:85.133,87.16 2 0
github.com/0xPolygonHermez/zkevm-node/ci/e2e-group11/shared.go:87.16,89.3 1 0
github.com/0xPolygonHermez/zkevm-node/ci/e2e-group11/shared.go:90.2,91.16 2 0
github.com/0xPolygonHermez/zkevm-node/ci/e2e-group11/shared.go:91.16,93.3 1 0
github.com/0xPolygonHermez/zkevm-node/ci/e2e-group11/shared.go:95.2,96.16 2 0
github.com/0xPolygonHermez/zkevm-node/ci/e2e-group11/shared.go:96.16,98.3 1 0
github.com/0xPolygonHermez/zkevm-node/ci/e2e-group11/shared.go:100.2,101.31 2 0
github.com/0xPolygonHermez/zkevm-node/ci/e2e-group11/shared.go:101.31,103.3 1 0
github.com/0xPolygonHermez/zkevm-node/ci/e2e-group11/shared.go:104.2,106.16 3 0
github.com/0xPolygonHermez/zkevm-node/ci/e2e-group11/shared.go:106.16,108.3 1 0
github.com/0xPolygonHermez/zkevm-node/ci/e2e-group11/shared.go:109.2,111.16 3 0
github.com/0xPolygonHermez/zkevm-node/ci/e2e-group11/shared.go:111.16,113.3 1 0
github.com/0xPolygonHermez/zkevm-node/ci/e2e-group11/shared.go:114.2,114.22 1 0
github.com/0xPolygonHermez/zkevm-node/ci/e2e-group11/shared.go:117.38,132.2 11 0
github.com/0xPolygonHermez/zkevm-node/ci/e2e-group11/shared.go:134.107,189.28 36 0
github.com/0xPolygonHermez/zkevm-node/ci/e2e-group11/shared.go:189.28,190.59 1 0
github.com/0xPolygonHermez/zkevm-node/ci/e2e-group11/shared.go:190.59,193.12 3 0
github.com/0xPolygonHermez/zkevm-node/ci/e2e-group11/shared.go:195.3,196.17 2 0
github.com/0xPolygonHermez/zkevm-node/ci/e2e-group11/shared.go:196.17,198.4 1 0
github.com/0xPolygonHermez/zkevm-node/ci/e2e-group11/shared.go:199.3,204.17 6 0
github.com/0xPolygonHermez/zkevm-node/ci/e2e-group11/shared.go:204.17,207.4 2 0
github.com/0xPolygonHermez/zkevm-node/ci/e2e-group11/shared.go:208.3,210.44 3 0
github.com/0xPolygonHermez/zkevm-node/ci/e2e-group11/shared.go:210.44,213.4 2 0
github.com/0xPolygonHermez/zkevm-node/ci/e2e-group11/shared.go:214.3,223.26 8 0
github.com/0xPolygonHermez/zkevm-node/ci/e2e-group11/shared.go:226.2,226.25 1 0
github.com/0xPolygonHermez/zkevm-node/ci/e2e-group2/shared.go:59.14,63.16 4 0
github.com/0xPolygonHermez/zkevm-node/ci/e2e-group2/shared.go:63.16,64.13 1 0
github.com/0xPolygonHermez/zkevm-node/ci/e2e-group2/shared.go:67.2,69.16 3 0
github.com/0xPolygonHermez/zkevm-node/ci/e2e-group2/shared.go:69.16,70.13 1 0
github.com/0xPolygonHermez/zkevm-node/ci/e2e-group2/shared.go:72.2,73.16 2 0
github.com/0xPolygonHermez/zkevm-node/ci/e2e-group2/shared.go:73.16,74.13 1 0
github.com/0xPolygonHermez/zkevm-node/ci/e2e-group2/shared.go:78.17,80.16 2 0
github.com/0xPolygonHermez/zkevm-node/ci/e2e-group2/shared.go:80.16,81.13 1 0
github.com/0xPolygonHermez/zkevm-node/ci/e2e-group2/shared.go:85.133,87.16 2 0
github.com/0xPolygonHermez/zkevm-node/ci/e2e-group2/shared.go:87.16,89.3 1 0
github.com/0xPolygonHermez/zkevm-node/ci/e2e-group2/shared.go:90.2,91.16 2 0
github.com/0xPolygonHermez/zkevm-node/ci/e2e-group2/shared.go:91.16,93.3 1 0
github.com/0xPolygonHermez/zkevm-node/ci/e2e-group2/shared.go:95.2,96.16 2 0
github.com/0xPolygonHermez/zkevm-node/ci/e2e-group2/shared.go:96.16,98.3 1 0
github.com/0xPolygonHermez/zkevm-node/ci/e2e-group2/shared.go:100.2,101.31 2 0
github.com/0xPolygonHermez/zkevm-node/ci/e2e-group2/shared.go:101.31,103.3 1 0
github.com/0xPolygonHermez/zkevm-node/ci/e2e-group2/shared.go:104.2,106.16 3 0
github.com/0xPolygonHermez/zkevm-node/ci/e2e-group2/shared.go:106.16,108.3 1 0
github.com/0xPolygonHermez/zkevm-node/ci/e2e-group2/shared.go:109.2,111.16 3 0
github.com/0xPolygonHermez/zkevm-node/ci/e2e-group2/shared.go:111.16,113.3 1 0
github.com/0xPolygonHermez/zkevm-node/ci/e2e-group2/shared.go:114.2,114.22 1 0
github.com/0xPolygonHermez/zkevm-node/ci/e2e-group2/shared.go:117.38,132.2 11 0
github.com/0xPolygonHermez/zkevm-node/ci/e2e-group2/shared.go:134.107,189.28 36 0
github.com/0xPolygonHermez/zkevm-node/ci/e2e-group2/shared.go:189.28,190.59 1 0
github.com/0xPolygonHermez/zkevm-node/ci/e2e-group2/shared.go:190.59,193.12 3 0
github.com/0xPolygonHermez/zkevm-node/ci/e2e-group2/shared.go:195.3,196.17 2 0
github.com/0xPolygonHermez/zkevm-node/ci/e2e-group2/shared.go:196.17,198.4 1 0
github.com/0xPolygonHermez/zkevm-node/ci/e2e-group2/shared.go:199.3,204.17 6 0
github.com/0xPolygonHermez/zkevm-node/ci/e2e-group2/shared.go:204.17,207.4 2 0
github.com/0xPolygonHermez/zkevm-node/ci/e2e-group2/shared.go:208.3,210.44 3 0
github.com/0xPolygonHermez/zkevm-node/ci/e2e-group2/shared.go:210.44,213.4 2 0
github.com/0xPolygonHermez/zkevm-node/ci/e2e-group2/shared.go:214.3,223.26 8 0
github.com/0xPolygonHermez/zkevm-node/ci/e2e-group2/shared.go:226.2,226.25 1 0
github.com/0xPolygonHermez/zkevm-node/ci/e2e-group3/shared.go:59.14,63.16 4 0
github.com/0xPolygonHermez/zkevm-node/ci/e2e-group3/shared.go:63.16,64.13 1 0
github.com/0xPolygonHermez/zkevm-node/ci/e2e-group3/shared.go:67.2,69.16 3 0
github.com/0xPolygonHermez/zkevm-node/ci/e2e-group3/shared.go:69.16,70.13 1 0
github.com/0xPolygonHermez/zkevm-node/ci/e2e-group3/shared.go:72.2,73.16 2 0
github.com/0xPolygonHermez/zkevm-node/ci/e2e-group3/shared.go:73.16,74.13 1 0
github.com/0xPolygonHermez/zkevm-node/ci/e2e-group3/shared.go:78.17,80.16 2 0
github.com/0xPolygonHermez/zkevm-node/ci/e2e-group3/shared.go:80.16,81.13 1 0
github.com/0xPolygonHermez/zkevm-node/ci/e2e-group3/shared.go:85.133,87.16 2 0
github.com/0xPolygonHermez/zkevm-node/ci/e2e-group3/shared.go:87.16,89.3 1 0
github.com/0xPolygonHermez/zkevm-node/ci/e2e-group3/shared.go:90.2,91.16 2 0
github.com/0xPolygonHermez/zkevm-node/ci/e2e-group3/shared.go:91.16,93.3 1 0
github.com/0xPolygonHermez/zkevm-node/ci/e2e-group3/shared.go:95.2,96.16 2 0
github.com/0xPolygonHermez/zkevm-node/ci/e2e-group3/shared.go:96.16,98.3 1 0
github.com/0xPolygonHermez/zkevm-node/ci/e2e-group3/shared.go:100.2,101.31 2 0
github.com/0xPolygonHermez/zkevm-node/ci/e2e-group3/shared.go:101.31,103.3 1 0
github.com/0xPolygonHermez/zkevm-node/ci/e2e-group3/shared.go:104.2,106.16 3 0
github.com/0xPolygonHermez/zkevm-node/ci/e2e-group3/shared.go:106.16,108.3 1 0
github.com/0xPolygonHermez/zkevm-node/ci/e2e-group3/shared.go:109.2,111.16 3 0
github.com/0xPolygonHermez/zkevm-node/ci/e2e-group3/shared.go:111.16,113.3 1 0
github.com/0xPolygonHermez/zkevm-node/ci/e2e-group3/shared.go:114.2,114.22 1 0
github.com/0xPolygonHermez/zkevm-node/ci/e2e-group3/shared.go:117.38,132.2 11 0
github.com/0xPolygonHermez/zkevm-node/ci/e2e-group3/shared.go:134.107,189.28 36 0
github.com/0xPolygonHermez/zkevm-node/ci/e2e-group3/shared.go:189.28,190.59 1 0
github.com/0xPolygonHermez/zkevm-node/ci/e2e-group3/shared.go:190.59,193.12 3 0
github.com/0xPolygonHermez/zkevm-node/ci/e2e-group3/shared.go:195.3,196.17 2 0
github.com/0xPolygonHermez/zkevm-node/ci/e2e-group3/shared.go:196.17,198.4 1 0
github.com/0xPolygonHermez/zkevm-node/ci/e2e-group3/shared.go:199.3,204.17 6 0
github.com/0xPolygonHermez/zkevm-node/ci/e2e-group3/shared.go:204.17,207.4 2 0
github.com/0xPolygonHermez/zkevm-node/ci/e2e-group3/shared.go:208.3,210.44 3 0
github.com/0xPolygonHermez/zkevm-node/ci/e2e-group3/shared.go:210.44,213.4 2 0
github.com/0xPolygonHermez/zkevm-node/ci/e2e-group3/shared.go:214.3,223.26 8 0
github.com/0xPolygonHermez/zkevm-node/ci/e2e-group3/shared.go:226.2,226.25 1 0
github.com/0xPolygonHermez/zkevm-node/ci/e2e-group4/shared.go:59.14,63.16 4 0
github.com/0xPolygonHermez/zkevm-node/ci/e2e-group4/shared.go:63.16,64.13 1 0
github.com/0xPolygonHermez/zkevm-node/ci/e2e-group4/shared.go:67.2,69.16 3 0
github.com/0xPolygonHermez/zkevm-node/ci/e2e-group4/shared.go:69.16,70.13 1 0
github.com/0xPolygonHermez/zkevm-node/ci/e2e-group4/shared.go:72.2,73.16 2 0
github.com/0xPolygonHermez/zkevm-node/ci/e2e-group4/shared.go:73.16,74.13 1 0
github.com/0xPolygonHermez/zkevm-node/ci/e2e-group4/shared.go:78.17,80.16 2 0
github.com/0xPolygonHermez/zkevm-node/ci/e2e-group4/shared.go:80.16,81.13 1 0
github.com/0xPolygonHermez/zkevm-node/ci/e2e-group4/shared.go:85.133,87.16 2 0
github.com/0xPolygonHermez/zkevm-node/ci/e2e-group4/shared.go:87.16,89.3 1 0
github.com/0xPolygonHermez/zkevm-node/ci/e2e-group4/shared.go:90.2,91.16 2 0
github.com/0xPolygonHermez/zkevm-node/ci/e2e-group4/shared.go:91.16,93.3 1 0
github.com/0xPolygonHermez/zkevm-node/ci/e2e-group4/shared.go:95.2,96.16 2 0
github.com/0xPolygonHermez/zkevm-node/ci/e2e-group4/shared.go:96.16,98.3 1 0
github.com/0xPolygonHermez/zkevm-node/ci/e2e-group4/shared.go:100.2,101.31 2 0
github.com/0xPolygonHermez/zkevm-node/ci/e2e-group4/shared.go:101.31,103.3 1 0
github.com/0xPolygonHermez/zkevm-node/ci/e2e-group4/shared.go:104.2,106.16 3 0
github.com/0xPolygonHermez/zkevm-node/ci/e2e-group4/shared.go:106.16,108.3 1 0
github.com/0xPolygonHermez/zkevm-node/ci/e2e-group4/shared.go:109.2,111.16 3 0
github.com/0xPolygonHermez/zkevm-node/ci/e2e-group4/shared.go:111.16,113.3 1 0
github.com/0xPolygonHermez/zkevm-node/ci/e2e-group4/shared.go:114.2,114.22 1 0
github.com/0xPolygonHermez/zkevm-node/ci/e2e-group4/shared.go:117.38,132.2 11 0
github.com/0xPolygonHermez/zkevm-node/ci/e2e-group4/shared.go:134.107,189.28 36 0
github.com/0xPolygonHermez/zkevm-node/ci/e2e-group4/shared.go:189.28,190.59 1 0
github.com/0xPolygonHermez/zkevm-node/ci/e2e-group4/shared.go:190.59,193.12 3 0
github.com/0xPolygonHermez/zkevm-node/ci/e2e-group4/shared.go:195.3,196.17 2 0
github.com/0xPolygonHermez/zkevm-node/ci/e2e-group4/shared.go:196.17,198.4 1 0
github.com/0xPolygonHermez/zkevm-node/ci/e2e-group4/shared.go:199.3,204.17 6 0
github.com/0xPolygonHermez/zkevm-node/ci/e2e-group4/shared.go:204.17,207.4 2 0
github.com/0xPolygonHermez/zkevm-node/ci/e2e-group4/shared.go:208.3,210.44 3 0
github.com/0xPolygonHermez/zkevm-node/ci/e2e-group4/shared.go:210.44,213.4 2 0
github.com/0xPolygonHermez/zkevm-node/ci/e2e-group4/shared.go:214.3,223.26 8 0
github.com/0xPolygonHermez/zkevm-node/ci/e2e-group4/shared.go:226.2,226.25 1 0
github.com/0xPolygonHermez/zkevm-node/ci/e2e-group5/debug_shared.go:46.184,63.2 7 0
github.com/0xPolygonHermez/zkevm-node/ci/e2e-group5/debug_shared.go:65.181,84.2 9 0
github.com/0xPolygonHermez/zkevm-node/ci/e2e-group5/debug_shared.go:86.138,96.2 5 0
github.com/0xPolygonHermez/zkevm-node/ci/e2e-group5/debug_shared.go:98.179,110.2 8 0
github.com/0xPolygonHermez/zkevm-node/ci/e2e-group5/debug_shared.go:112.145,128.2 11 0
github.com/0xPolygonHermez/zkevm-node/ci/e2e-group5/debug_shared.go:130.186,144.2 9 0
github.com/0xPolygonHermez/zkevm-node/ci/e2e-group5/debug_shared.go:146.189,165.2 9 0
github.com/0xPolygonHermez/zkevm-node/ci/e2e-group5/debug_shared.go:167.189,186.2 9 0
github.com/0xPolygonHermez/zkevm-node/ci/e2e-group5/debug_shared.go:209.146,219.2 5 0
github.com/0xPolygonHermez/zkevm-node/ci/e2e-group5/debug_shared.go:221.187,233.2 8 0
github.com/0xPolygonHermez/zkevm-node/ci/e2e-group5/debug_shared.go:235.153,248.2 7 0
github.com/0xPolygonHermez/zkevm-node/ci/e2e-group5/debug_shared.go:250.194,264.2 9 0
github.com/0xPolygonHermez/zkevm-node/ci/e2e-group5/debug_shared.go:266.138,276.2 5 0
github.com/0xPolygonHermez/zkevm-node/ci/e2e-group5/debug_shared.go:278.179,292.2 9 0
github.com/0xPolygonHermez/zkevm-node/ci/e2e-group5/debug_shared.go:294.180,308.2 9 0
github.com/0xPolygonHermez/zkevm-node/ci/e2e-group5/debug_shared.go:310.137,327.2 9 0
github.com/0xPolygonHermez/zkevm-node/ci/e2e-group5/debug_shared.go:329.177,349.2 14 0
github.com/0xPolygonHermez/zkevm-node/ci/e2e-group5/debug_shared.go:351.185,371.2 14 0
github.com/0xPolygonHermez/zkevm-node/ci/e2e-group5/debug_shared.go:373.182,393.2 14 0
github.com/0xPolygonHermez/zkevm-node/ci/e2e-group5/debug_shared.go:395.204,415.2 14 0
github.com/0xPolygonHermez/zkevm-node/ci/e2e-group5/debug_shared.go:417.204,437.2 14 0
github.com/0xPolygonHermez/zkevm-node/ci/e2e-group5/debug_shared.go:439.203,459.2 14 0
github.com/0xPolygonHermez/zkevm-node/ci/e2e-group5/debug_shared.go:461.186,477.2 11 0
github.com/0xPolygonHermez/zkevm-node/ci/e2e-group5/debug_shared.go:479.142,504.96 17 0
github.com/0xPolygonHermez/zkevm-node/ci/e2e-group5/debug_shared.go:504.96,531.3 13 0
github.com/0xPolygonHermez/zkevm-node/ci/e2e-group5/debug_shared.go:533.2,538.8 1 0
github.com/0xPolygonHermez/zkevm-node/ci/e2e-group5/debug_shared.go:541.182,567.2 18 0
github.com/0xPolygonHermez/zkevm-node/ci/e2e-group5/debug_shared.go:569.190,595.2 18 0
github.com/0xPolygonHermez/zkevm-node/ci/e2e-group5/debug_shared.go:597.130,598.10 1 0
github.com/0xPolygonHermez/zkevm-node/ci/e2e-group5/debug_shared.go:598.10,600.3 1 0
github.com/0xPolygonHermez/zkevm-node/ci/e2e-group5/debug_shared.go:601.2,617.25 9 0
github.com/0xPolygonHermez/zkevm-node/ci/e2e-group5/debug_shared.go:620.138,630.2 5 0
github.com/0xPolygonHermez/zkevm-node/ci/e2e-group5/debug_shared.go:632.179,648.2 11 0
github.com/0xPolygonHermez/zkevm-node/ci/e2e-group5/debug_shared.go:650.190,676.2 18 0
github.com/0xPolygonHermez/zkevm-node/ci/e2e-group5/debug_shared.go:678.198,704.2 18 0
github.com/0xPolygonHermez/zkevm-node/ci/e2e-group5/debug_shared.go:706.138,731.92 17 0
github.com/0xPolygonHermez/zkevm-node/ci/e2e-group5/debug_shared.go:731.92,758.3 13 0
github.com/0xPolygonHermez/zkevm-node/ci/e2e-group5/debug_shared.go:760.2,765.8 1 0
github.com/0xPolygonHermez/zkevm-node/ci/e2e-group5/debug_shared.go:768.179,791.2 16 0
github.com/0xPolygonHermez/zkevm-node/ci/e2e-group5/debug_shared.go:793.137,810.2 9 0
github.com/0xPolygonHermez/zkevm-node/ci/e2e-group5/debug_shared.go:812.178,830.2 12 0
github.com/0xPolygonHermez/zkevm-node/ci/e2e-group5/debug_shared.go:832.186,851.2 9 0
github.com/0xPolygonHermez/zkevm-node/ci/e2e-group5/shared.go:59.14,63.16 4 0
github.com/0xPolygonHermez/zkevm-node/ci/e2e-group5/shared.go:63.16,64.13 1 0
github.com/0xPolygonHermez/zkevm-node/ci/e2e-group5/shared.go:67.2,69.16 3 0
github.com/0xPolygonHermez/zkevm-node/ci/e2e-group5/shared.go:69.16,70.13 1 0
github.com/0xPolygonHermez/zkevm-node/ci/e2e-group5/shared.go:72.2,73.16 2 0
github.com/0xPolygonHermez/zkevm-node/ci/e2e-group5/shared.go:73.16,74.13 1 0
github.com/0xPolygonHermez/zkevm-node/ci/e2e-group5/shared.go:78.17,80.16 2 0
github.com/0xPolygonHermez/zkevm-node/ci/e2e-group5/shared.go:80.16,81.13 1 0
github.com/0xPolygonHermez/zkevm-node/ci/e2e-group5/shared.go:85.133,87.16 2 0
github.com/0xPolygonHermez/zkevm-node/ci/e2e-group5/shared.go:87.16,89.3 1 0
github.com/0xPolygonHermez/zkevm-node/ci/e2e-group5/shared.go:90.2,91.16 2 0
github.com/0xPolygonHermez/zkevm-node/ci/e2e-group5/shared.go:91.16,93.3 1 0
github.com/0xPolygonHermez/zkevm-node/ci/e2e-group5/shared.go:95.2,96.16 2 0
github.com/0xPolygonHermez/zkevm-node/ci/e2e-group5/shared.go:96.16,98.3 1 0
github.com/0xPolygonHermez/zkevm-node/ci/e2e-group5/shared.go:100.2,101.31 2 0
github.com/0xPolygonHermez/zkevm-node/ci/e2e-group5/shared.go:101.31,103.3 1 0
github.com/0xPolygonHermez/zkevm-node/ci/e2e-group5/shared.go:104.2,106.16 3 0
github.com/0xPolygonHermez/zkevm-node/ci/e2e-group5/shared.go:106.16,108.3 1 0
github.com/0xPolygonHermez/zkevm-node/ci/e2e-group5/shared.go:109.2,111.16 3 0
github.com/0xPolygonHermez/zkevm-node/ci/e2e-group5/shared.go:111.16,113.3 1 0
github.com/0xPolygonHermez/zkevm-node/ci/e2e-group5/shared.go:114.2,114.22 1 0
github.com/0xPolygonHermez/zkevm-node/ci/e2e-group5/shared.go:117.38,132.2 11 0
github.com/0xPolygonHermez/zkevm-node/ci/e2e-group5/shared.go:134.107,189.28 36 0
github.com/0xPolygonHermez/zkevm-node/ci/e2e-group5/shared.go:189.28,190.59 1 0
github.com/0xPolygonHermez/zkevm-node/ci/e2e-group5/shared.go:190.59,193.12 3 0
github.com/0xPolygonHermez/zkevm-node/ci/e2e-group5/shared.go:195.3,196.17 2 0
github.com/0xPolygonHermez/zkevm-node/ci/e2e-group5/shared.go:196.17,198.4 1 0
github.com/0xPolygonHermez/zkevm-node/ci/e2e-group5/shared.go:199.3,204.17 6 0
github.com/0xPolygonHermez/zkevm-node/ci/e2e-group5/shared.go:204.17,207.4 2 0
github.com/0xPolygonHermez/zkevm-node/ci/e2e-group5/shared.go:208.3,210.44 3 0
github.com/0xPolygonHermez/zkevm-node/ci/e2e-group5/shared.go:210.44,213.4 2 0
github.com/0xPolygonHermez/zkevm-node/ci/e2e-group5/shared.go:214.3,223.26 8 0
github.com/0xPolygonHermez/zkevm-node/ci/e2e-group5/shared.go:226.2,226.25 1 0
github.com/0xPolygonHermez/zkevm-node/ci/e2e-group7/shared.go:59.14,63.16 4 0
github.com/0xPolygonHermez/zkevm-node/ci/e2e-group7/shared.go:63.16,64.13 1 0
github.com/0xPolygonHermez/zkevm-node/ci/e2e-group7/shared.go:67.2,69.16 3 0
github.com/0xPolygonHermez/zkevm-node/ci/e2e-group7/shared.go:69.16,70.13 1 0
github.com/0xPolygonHermez/zkevm-node/ci/e2e-group7/shared.go:72.2,73.16 2 0
github.com/0xPolygonHermez/zkevm-node/ci/e2e-group7/shared.go:73.16,74.13 1 0
github.com/0xPolygonHermez/zkevm-node/ci/e2e-group7/shared.go:78.17,80.16 2 0
github.com/0xPolygonHermez/zkevm-node/ci/e2e-group7/shared.go:80.16,81.13 1 0
github.com/0xPolygonHermez/zkevm-node/ci/e2e-group7/shared.go:85.133,87.16 2 0
github.com/0xPolygonHermez/zkevm-node/ci/e2e-group7/shared.go:87.16,89.3 1 0
github.com/0xPolygonHermez/zkevm-node/ci/e2e-group7/shared.go:90.2,91.16 2 0
github.com/0xPolygonHermez/zkevm-node/ci/e2e-group7/shared.go:91.16,93.3 1 0
github.com/0xPolygonHermez/zkevm-node/ci/e2e-group7/shared.go:95.2,96.16 2 0
github.com/0xPolygonHermez/zkevm-node/ci/e2e-group7/shared.go:96.16,98.3 1 0
github.com/0xPolygonHermez/zkevm-node/ci/e2e-group7/shared.go:100.2,101.31 2 0
github.com/0xPolygonHermez/zkevm-node/ci/e2e-group7/shared.go:101.31,103.3 1 0
github.com/0xPolygonHermez/zkevm-node/ci/e2e-group7/shared.go:104.2,106.16 3 0
github.com/0xPolygonHermez/zkevm-node/ci/e2e-group7/shared.go:106.16,108.3 1 0
github.com/0xPolygonHermez/zkevm-node/ci/e2e-group7/shared.go:109.2,111.16 3 0
github.com/0xPolygonHermez/zkevm-node/ci/e2e-group7/shared.go:111.16,113.3 1 0
github.com/0xPolygonHermez/zkevm-node/ci/e2e-group7/shared.go:114.2,114.22 1 0
github.com/0xPolygonHermez/zkevm-node/ci/e2e-group7/shared.go:117.38,132.2 11 0
github.com/0xPolygonHermez/zkevm-node/ci/e2e-group7/shared.go:134.107,189.28 36 0
github.com/0xPolygonHermez/zkevm-node/ci/e2e-group7/shared.go:189.28,190.59 1 0
github.com/0xPolygonHermez/zkevm-node/ci/e2e-group7/shared.go:190.59,193.12 3 0
github.com/0xPolygonHermez/zkevm-node/ci/e2e-group7/shared.go:195.3,196.17 2 0
github.com/0xPolygonHermez/zkevm-node/ci/e2e-group7/shared.go:196.17,198.4 1 0
github.com/0xPolygonHermez/zkevm-node/ci/e2e-group7/shared.go:199.3,204.17 6 0
github.com/0xPolygonHermez/zkevm-node/ci/e2e-group7/shared.go:204.17,207.4 2 0
github.com/0xPolygonHermez/zkevm-node/ci/e2e-group7/shared.go:208.3,210.44 3 0
github.com/0xPolygonHermez/zkevm-node/ci/e2e-group7/shared.go:210.44,213.4 2 0
github.com/0xPolygonHermez/zkevm-node/ci/e2e-group7/shared.go:214.3,223.26 8 0
github.com/0xPolygonHermez/zkevm-node/ci/e2e-group7/shared.go:226.2,226.25 1 0
github.com/0xPolygonHermez/zkevm-node/ci/e2e-group8/debug_shared.go:46.184,63.2 7 0
github.com/0xPolygonHermez/zkevm-node/ci/e2e-group8/debug_shared.go:65.181,84.2 9 0
github.com/0xPolygonHermez/zkevm-node/ci/e2e-group8/debug_shared.go:86.138,96.2 5 0
github.com/0xPolygonHermez/zkevm-node/ci/e2e-group8/debug_shared.go:98.179,110.2 8 0
github.com/0xPolygonHermez/zkevm-node/ci/e2e-group8/debug_shared.go:112.145,128.2 11 0
github.com/0xPolygonHermez/zkevm-node/ci/e2e-group8/debug_shared.go:130.186,144.2 9 0
github.com/0xPolygonHermez/zkevm-node/ci/e2e-group8/debug_shared.go:146.189,165.2 9 0
github.com/0xPolygonHermez/zkevm-node/ci/e2e-group8/debug_shared.go:167.189,186.2 9 0
github.com/0xPolygonHermez/zkevm-node/ci/e2e-group8/debug_shared.go:209.146,219.2 5 0
github.com/0xPolygonHermez/zkevm-node/ci/e2e-group8/debug_shared.go:221.187,233.2 8 0
github.com/0xPolygonHermez/zkevm-node/ci/e2e-group8/debug_shared.go:235.153,248.2 7 0
github.com/0xPolygonHermez/zkevm-node/ci/e2e-group8/debug_shared.go:250.194,264.2 9 0
github.com/0xPolygonHermez/zkevm-node/ci/e2e-group8/debug_shared.go:266.138,276.2 5 0
github.com/0xPolygonHermez/zkevm-node/ci/e2e-group8/debug_shared.go:278.179,292.2 9 0
github.com/0xPolygonHermez/zkevm-node/ci/e2e-group8/debug_shared.go:294.180,308.2 9 0
github.com/0xPolygonHermez/zkevm-node/ci/e2e-group8/debug_shared.go:310.137,327.2 9 0
github.com/0xPolygonHermez/zkevm-node/ci/e2e-group8/debug_shared.go:329.177,349.2 14 0
github.com/0xPolygonHermez/zkevm-node/ci/e2e-group8/debug_shared.go:351.185,371.2 14 0
github.com/0xPolygonHermez/zkevm-node/ci/e2e-group8/debug_shared.go:373.182,393.2 14 0
github.com/0xPolygonHermez/zkevm-node/ci/e2e-group8/debug_shared.go:395.204,415.2 14 0
github.com/0xPolygonHermez/zkevm-node/ci/e2e-group8/debug_shared.go:417.204,437.2 14 0
github.com/0xPolygonHermez/zkevm-node/ci/e2e-group8/debug_shared.go:439.203,459.2 14 0
github.com/0xPolygonHermez/zkevm-node/ci/e2e-group8/debug_shared.go:461.186,477.2 11 0
github.com/0xPolygonHermez/zkevm-node/ci/e2e-group8/debug_shared.go:479.142,504.96 17 0
github.com/0xPolygonHermez/zkevm-node/ci/e2e-group8/debug_shared.go:504.96,531.3 13 0
github.com/0xPolygonHermez/zkevm-node/ci/e2e-group8/debug_shared.go:533.2,538.8 1 0
github.com/0xPolygonHermez/zkevm-node/ci/e2e-group8/debug_shared.go:541.182,567.2 18 0
github.com/0xPolygonHermez/zkevm-node/ci/e2e-group8/debug_shared.go:569.190,595.2 18 0
github.com/0xPolygonHermez/zkevm-node/ci/e2e-group8/debug_shared.go:597.130,598.10 1 0
github.com/0xPolygonHermez/zkevm-node/ci/e2e-group8/debug_shared.go:598.10,600.3 1 0
github.com/0xPolygonHermez/zkevm-node/ci/e2e-group8/debug_shared.go:601.2,617.25 9 0
github.com/0xPolygonHermez/zkevm-node/ci/e2e-group8/debug_shared.go:620.138,630.2 5 0
github.com/0xPolygonHermez/zkevm-node/ci/e2e-group8/debug_shared.go:632.179,648.2 11 0
github.com/0xPolygonHermez/zkevm-node/ci/e2e-group8/debug_shared.go:650.190,676.2 18 0
github.com/0xPolygonHermez/zkevm-node/ci/e2e-group8/debug_shared.go:678.198,704.2 18 0
github.com/0xPolygonHermez/zkevm-node/ci/e2e-group8/debug_shared.go:706.138,731.92 17 0
github.com/0xPolygonHermez/zkevm-node/ci/e2e-group8/debug_shared.go:731.92,758.3 13 0
github.com/0xPolygonHermez/zkevm-node/ci/e2e-group8/debug_shared.go:760.2,765.8 1 0
github.com/0xPolygonHermez/zkevm-node/ci/e2e-group8/debug_shared.go:768.179,791.2 16 0
github.com/0xPolygonHermez/zkevm-node/ci/e2e-group8/debug_shared.go:793.137,810.2 9 0
github.com/0xPolygonHermez/zkevm-node/ci/e2e-group8/debug_shared.go:812.178,830.2 12 0
github.com/0xPolygonHermez/zkevm-node/ci/e2e-group8/debug_shared.go:832.186,851.2 9 0
github.com/0xPolygonHermez/zkevm-node/ci/e2e-group8/shared.go:59.14,63.16 4 0
github.com/0xPolygonHermez/zkevm-node/ci/e2e-group8/shared.go:63.16,64.13 1 0
github.com/0xPolygonHermez/zkevm-node/ci/e2e-group8/shared.go:67.2,69.16 3 0
github.com/0xPolygonHermez/zkevm-node/ci/e2e-group8/shared.go:69.16,70.13 1 0
github.com/0xPolygonHermez/zkevm-node/ci/e2e-group8/shared.go:72.2,73.16 2 0
github.com/0xPolygonHermez/zkevm-node/ci/e2e-group8/shared.go:73.16,74.13 1 0
github.com/0xPolygonHermez/zkevm-node/ci/e2e-group8/shared.go:78.17,80.16 2 0
github.com/0xPolygonHermez/zkevm-node/ci/e2e-group8/shared.go:80.16,81.13 1 0
github.com/0xPolygonHermez/zkevm-node/ci/e2e-group8/shared.go:85.133,87.16 2 0
github.com/0xPolygonHermez/zkevm-node/ci/e2e-group8/shared.go:87.16,89.3 1 0
github.com/0xPolygonHermez/zkevm-node/ci/e2e-group8/shared.go:90.2,91.16 2 0
github.com/0xPolygonHermez/zkevm-node/ci/e2e-group8/shared.go:91.16,93.3 1 0
github.com/0xPolygonHermez/zkevm-node/ci/e2e-group8/shared.go:95.2,96.16 2 0
github.com/0xPolygonHermez/zkevm-node/ci/e2e-group8/shared.go:96.16,98.3 1 0
github.com/0xPolygonHermez/zkevm-node/ci/e2e-group8/shared.go:100.2,101.31 2 0
github.com/0xPolygonHermez/zkevm-node/ci/e2e-group8/shared.go:101.31,103.3 1 0
github.com/0xPolygonHermez/zkevm-node/ci/e2e-group8/shared.go:104.2,106.16 3 0
github.com/0xPolygonHermez/zkevm-node/ci/e2e-group8/shared.go:106.16,108.3 1 0
github.com/0xPolygonHermez/zkevm-node/ci/e2e-group8/shared.go:109.2,111.16 3 0
github.com/0xPolygonHermez/zkevm-node/ci/e2e-group8/shared.go:111.16,113.3 1 0
github.com/0xPolygonHermez/zkevm-node/ci/e2e-group8/shared.go:114.2,114.22 1 0
github.com/0xPolygonHermez/zkevm-node/ci/e2e-group8/shared.go:117.38,132.2 11 0
github.com/0xPolygonHermez/zkevm-node/ci/e2e-group8/shared.go:134.107,189.28 36 0
github.com/0xPolygonHermez/zkevm-node/ci/e2e-group8/shared.go:189.28,190.59 1 0
github.com/0xPolygonHermez/zkevm-node/ci/e2e-group8/shared.go:190.59,193.12 3 0
github.com/0xPolygonHermez/zkevm-node/ci/e2e-group8/shared.go:195.3,196.17 2 0
github.com/0xPolygonHermez/zkevm-node/ci/e2e-group8/shared.go:196.17,198.4 1 0
github.com/0xPolygonHermez/zkevm-node/ci/e2e-group8/shared.go:199.3,204.17 6 0
github.com/0xPolygonHermez/zkevm-node/ci/e2e-group8/shared.go:204.17,207.4 2 0
github.com/0xPolygonHermez/zkevm-node/ci/e2e-group8/shared.go:208.3,210.44 3 0
github.com/0xPolygonHermez/zkevm-node/ci/e2e-group8/shared.go:210.44,213.4 2 0
github.com/0xPolygonHermez/zkevm-node/ci/e2e-group8/shared.go:214.3,223.26 8 0
github.com/0xPolygonHermez/zkevm-node/ci/e2e-group8/shared.go:226.2,226.25 1 0
github.com/0xPolygonHermez/zkevm-node/ci/e2e-group9/forced_batches_vector_shared.go:23.83,31.91 6 0
github.com/0xPolygonHermez/zkevm-node/ci/e2e-group9/forced_batches_vector_shared.go:31.91,32.17 1 0
github.com/0xPolygonHermez/zkevm-node/ci/e2e-group9/forced_batches_vector_shared.go:32.17,34.4 1 0
github.com/0xPolygonHermez/zkevm-node/ci/e2e-group9/forced_batches_vector_shared.go:35.3,35.68 1 0
github.com/0xPolygonHermez/zkevm-node/ci/e2e-group9/forced_batches_vector_shared.go:35.68,37.42 1 0
github.com/0xPolygonHermez/zkevm-node/ci/e2e-group9/forced_batches_vector_shared.go:37.42,39.18 1 0
github.com/0xPolygonHermez/zkevm-node/ci/e2e-group9/forced_batches_vector_shared.go:39.18,41.6 1 0
github.com/0xPolygonHermez/zkevm-node/ci/e2e-group9/forced_batches_vector_shared.go:44.5,89.19 34 0
github.com/0xPolygonHermez/zkevm-node/ci/e2e-group9/forced_batches_vector_shared.go:89.19,93.6 3 0
github.com/0xPolygonHermez/zkevm-node/ci/e2e-group9/forced_batches_vector_shared.go:95.5,99.63 5 0
github.com/0xPolygonHermez/zkevm-node/ci/e2e-group9/forced_batches_vector_shared.go:99.63,100.41 1 0
github.com/0xPolygonHermez/zkevm-node/ci/e2e-group9/forced_batches_vector_shared.go:100.41,102.7 1 0
github.com/0xPolygonHermez/zkevm-node/ci/e2e-group9/forced_batches_vector_shared.go:102.12,104.7 1 0
github.com/0xPolygonHermez/zkevm-node/ci/e2e-group9/forced_batches_vector_shared.go:105.6,114.41 9 0
github.com/0xPolygonHermez/zkevm-node/ci/e2e-group9/forced_batches_vector_shared.go:114.41,116.79 2 0
github.com/0xPolygonHermez/zkevm-node/ci/e2e-group9/forced_batches_vector_shared.go:116.79,124.8 7 0
github.com/0xPolygonHermez/zkevm-node/ci/e2e-group9/forced_batches_vector_shared.go:126.7,129.102 4 0
github.com/0xPolygonHermez/zkevm-node/ci/e2e-group9/forced_batches_vector_shared.go:132.5,132.11 1 0
github.com/0xPolygonHermez/zkevm-node/ci/e2e-group9/forced_batches_vector_shared.go:135.4,135.14 1 0
github.com/0xPolygonHermez/zkevm-node/ci/e2e-group9/forced_batches_vector_shared.go:137.3,137.13 1 0
github.com/0xPolygonHermez/zkevm-node/ci/e2e-group9/forced_batches_vector_shared.go:139.2,139.25 1 0
github.com/0xPolygonHermez/zkevm-node/ci/e2e-group9/shared.go:59.14,63.16 4 0
github.com/0xPolygonHermez/zkevm-node/ci/e2e-group9/shared.go:63.16,64.13 1 0
github.com/0xPolygonHermez/zkevm-node/ci/e2e-group9/shared.go:67.2,69.16 3 0
github.com/0xPolygonHermez/zkevm-node/ci/e2e-group9/shared.go:69.16,70.13 1 0
github.com/0xPolygonHermez/zkevm-node/ci/e2e-group9/shared.go:72.2,73.16 2 0
github.com/0xPolygonHermez/zkevm-node/ci/e2e-group9/shared.go:73.16,74.13 1 0
github.com/0xPolygonHermez/zkevm-node/ci/e2e-group9/shared.go:78.17,80.16 2 0
github.com/0xPolygonHermez/zkevm-node/ci/e2e-group9/shared.go:80.16,81.13 1 0
github.com/0xPolygonHermez/zkevm-node/ci/e2e-group9/shared.go:85.133,87.16 2 0
github.com/0xPolygonHermez/zkevm-node/ci/e2e-group9/shared.go:87.16,89.3 1 0
github.com/0xPolygonHermez/zkevm-node/ci/e2e-group9/shared.go:90.2,91.16 2 0
github.com/0xPolygonHermez/zkevm-node/ci/e2e-group9/shared.go:91.16,93.3 1 0
github.com/0xPolygonHermez/zkevm-node/ci/e2e-group9/shared.go:95.2,96.16 2 0
github.com/0xPolygonHermez/zkevm-node/ci/e2e-group9/shared.go:96.16,98.3 1 0
github.com/0xPolygonHermez/zkevm-node/ci/e2e-group9/shared.go:100.2,101.31 2 0
github.com/0xPolygonHermez/zkevm-node/ci/e2e-group9/shared.go:101.31,103.3 1 0
github.com/0xPolygonHermez/zkevm-node/ci/e2e-group9/shared.go:104.2,106.16 3 0
github.com/0xPolygonHermez/zkevm-node/ci/e2e-group9/shared.go:106.16,108.3 1 0
github.com/0xPolygonHermez/zkevm-node/ci/e2e-group9/shared.go:109.2,111.16 3 0
github.com/0xPolygonHermez/zkevm-node/ci/e2e-group9/shared.go:111.16,113.3 1 0
github.com/0xPolygonHermez/zkevm-node/ci/e2e-group9/shared.go:114.2,114.22 1 0
github.com/0xPolygonHermez/zkevm-node/ci/e2e-group9/shared.go:117.38,132.2 11 0
github.com/0xPolygonHermez/zkevm-node/ci/e2e-group9/shared.go:134.107,189.28 36 0
github.com/0xPolygonHermez/zkevm-node/ci/e2e-group9/shared.go:189.28,190.59 1 0
github.com/0xPolygonHermez/zkevm-node/ci/e2e-group9/shared.go:190.59,193.12 3 0
github.com/0xPolygonHermez/zkevm-node/ci/e2e-group9/shared.go:195.3,196.17 2 0
github.com/0xPolygonHermez/zkevm-node/ci/e2e-group9/shared.go:196.17,198.4 1 0
github.com/0xPolygonHermez/zkevm-node/ci/e2e-group9/shared.go:199.3,204.17 6 0
github.com/0xPolygonHermez/zkevm-node/ci/e2e-group9/shared.go:204.17,207.4 2 0
github.com/0xPolygonHermez/zkevm-node/ci/e2e-group9/shared.go:208.3,210.44 3 0
github.com/0xPolygonHermez/zkevm-node/ci/e2e-group9/shared.go:210.44,213.4 2 0
github.com/0xPolygonHermez/zkevm-node/ci/e2e-group9/shared.go:214.3,223.26 8 0
github.com/0xPolygonHermez/zkevm-node/ci/e2e-group9/shared.go:226.2,226.25 1 0
github.com/0xPolygonHermez/zkevm-node/config/config.go:123.33,128.16 4 4
github.com/0xPolygonHermez/zkevm-node/config/config.go:128.16,130.3 1 0
github.com/0xPolygonHermez/zkevm-node/config/config.go:131.2,132.16 2 4
github.com/0xPolygonHermez/zkevm-node/config/config.go:132.16,134.3 1 0
github.com/0xPolygonHermez/zkevm-node/config/config.go:135.2,135.18 1 4
github.com/0xPolygonHermez/zkevm-node/config/config.go:139.70,141.16 2 2
github.com/0xPolygonHermez/zkevm-node/config/config.go:141.16,143.3 1 0
github.com/0xPolygonHermez/zkevm-node/config/config.go:144.2,145.26 2 2
github.com/0xPolygonHermez/zkevm-node/config/config.go:145.26,154.3 6 0
github.com/0xPolygonHermez/zkevm-node/config/config.go:155.2,160.16 6 2
github.com/0xPolygonHermez/zkevm-node/config/config.go:160.16,162.9 2 2
github.com/0xPolygonHermez/zkevm-node/config/config.go:162.9,164.4 1 2
github.com/0xPolygonHermez/zkevm-node/config/config.go:164.9,167.4 2 0
github.com/0xPolygonHermez/zkevm-node/config/config.go:170.2,176.16 3 2
github.com/0xPolygonHermez/zkevm-node/config/config.go:176.16,178.3 1 0
github.com/0xPolygonHermez/zkevm-node/config/config.go:180.2,180.23 1 2
github.com/0xPolygonHermez/zkevm-node/config/config.go:180.23,183.3 1 2
github.com/0xPolygonHermez/zkevm-node/config/config.go:184.2,184.17 1 2
github.com/0xPolygonHermez/zkevm-node/config/gen_json_schema.go:36.75,46.16 10 2
github.com/0xPolygonHermez/zkevm-node/config/gen_json_schema.go:46.16,48.3 1 0
github.com/0xPolygonHermez/zkevm-node/config/gen_json_schema.go:49.2,49.12 1 2
github.com/0xPolygonHermez/zkevm-node/config/gen_json_schema.go:53.87,63.2 9 0
github.com/0xPolygonHermez/zkevm-node/config/gen_json_schema.go:66.104,67.43 1 12
github.com/0xPolygonHermez/zkevm-node/config/gen_json_schema.go:67.43,69.3 1 4
github.com/0xPolygonHermez/zkevm-node/config/gen_json_schema.go:71.2,73.41 3 10
github.com/0xPolygonHermez/zkevm-node/config/gen_json_schema.go:73.41,75.3 1 217
github.com/0xPolygonHermez/zkevm-node/config/gen_json_schema.go:76.2,78.31 3 10
github.com/0xPolygonHermez/zkevm-node/config/gen_json_schema.go:78.31,79.69 1 10
github.com/0xPolygonHermez/zkevm-node/config/gen_json_schema.go:79.69,81.4 1 0
github.com/0xPolygonHermez/zkevm-node/config/gen_json_schema.go:84.2,87.26 3 10
github.com/0xPolygonHermez/zkevm-node/config/gen_json_schema.go:87.26,89.3 1 10
github.com/0xPolygonHermez/zkevm-node/config/gen_json_schema.go:91.2,91.28 1 10
github.com/0xPolygonHermez/zkevm-node/config/gen_json_schema.go:91.28,93.3 1 10
github.com/0xPolygonHermez/zkevm-node/config/gen_json_schema.go:95.2,95.27 1 10
github.com/0xPolygonHermez/zkevm-node/config/gen_json_schema.go:95.27,97.3 1 0
github.com/0xPolygonHermez/zkevm-node/config/gen_json_schema.go:99.2,99.20 1 10
github.com/0xPolygonHermez/zkevm-node/config/gen_json_schema.go:103.102,105.16 2 1
github.com/0xPolygonHermez/zkevm-node/config/gen_json_schema.go:105.16,107.3 1 0
github.com/0xPolygonHermez/zkevm-node/config/gen_json_schema.go:108.2,108.18 1 1
github.com/0xPolygonHermez/zkevm-node/config/gen_json_schema.go:112.120,114.16 2 0
github.com/0xPolygonHermez/zkevm-node/config/gen_json_schema.go:114.16,116.3 1 0
github.com/0xPolygonHermez/zkevm-node/config/gen_json_schema.go:117.2,118.16 2 0
github.com/0xPolygonHermez/zkevm-node/config/gen_json_schema.go:118.16,120.3 1 0
github.com/0xPolygonHermez/zkevm-node/config/gen_json_schema.go:122.2,123.16 2 0
github.com/0xPolygonHermez/zkevm-node/config/gen_json_schema.go:123.16,125.3 1 0
github.com/0xPolygonHermez/zkevm-node/config/gen_json_schema.go:126.2,126.12 1 0
github.com/0xPolygonHermez/zkevm-node/config/gen_json_schema.go:133.60,135.49 2 155
github.com/0xPolygonHermez/zkevm-node/config/gen_json_schema.go:135.49,137.3 1 4
github.com/0xPolygonHermez/zkevm-node/config/gen_json_schema.go:137.8,139.3 1 151
github.com/0xPolygonHermez/zkevm-node/config/gen_json_schema.go:141.2,141.44 1 155
github.com/0xPolygonHermez/zkevm-node/config/gen_json_schema.go:141.44,145.40 3 567
github.com/0xPolygonHermez/zkevm-node/config/gen_json_schema.go:145.40,146.109 1 2
github.com/0xPolygonHermez/zkevm-node/config/gen_json_schema.go:148.3,148.42 1 565
github.com/0xPolygonHermez/zkevm-node/config/gen_json_schema.go:148.42,150.4 1 151
github.com/0xPolygonHermez/zkevm-node/config/gen_json_schema.go:154.49,156.50 2 496
github.com/0xPolygonHermez/zkevm-node/config/gen_json_schema.go:156.50,158.3 1 0
github.com/0xPolygonHermez/zkevm-node/config/gen_json_schema.go:158.8,160.3 1 496
github.com/0xPolygonHermez/zkevm-node/config/gen_json_schema.go:163.79,165.2 1 10
github.com/0xPolygonHermez/zkevm-node/config/gen_json_schema.go:167.96,171.36 3 14
github.com/0xPolygonHermez/zkevm-node/config/gen_json_schema.go:171.36,175.17 3 35
github.com/0xPolygonHermez/zkevm-node/config/gen_json_schema.go:175.17,177.4 1 14
github.com/0xPolygonHermez/zkevm-node/config/gen_json_schema.go:180.2,180.31 1 0
github.com/0xPolygonHermez/zkevm-node/config/gen_json_schema.go:183.79,185.59 2 496
github.com/0xPolygonHermez/zkevm-node/config/gen_json_schema.go:185.59,187.3 1 54
github.com/0xPolygonHermez/zkevm-node/config/gen_json_schema.go:187.8,189.3 1 442
github.com/0xPolygonHermez/zkevm-node/config/gen_json_schema.go:190.2,191.30 2 496
github.com/0xPolygonHermez/zkevm-node/config/gen_json_schema.go:191.30,193.12 2 14
github.com/0xPolygonHermez/zkevm-node/config/gen_json_schema.go:193.12,195.4 1 14
github.com/0xPolygonHermez/zkevm-node/config/gen_json_schema.go:197.2,197.22 1 496
github.com/0xPolygonHermez/zkevm-node/config/gen_json_schema.go:200.86,201.30 1 82
github.com/0xPolygonHermez/zkevm-node/config/gen_json_schema.go:201.30,203.3 1 0
github.com/0xPolygonHermez/zkevm-node/config/gen_json_schema.go:204.2,204.74 1 82
github.com/0xPolygonHermez/zkevm-node/config/gen_json_schema.go:204.74,209.74 5 496
github.com/0xPolygonHermez/zkevm-node/config/gen_json_schema.go:209.74,210.29 1 496
github.com/0xPolygonHermez/zkevm-node/config/gen_json_schema.go:211.17,212.73 1 33
github.com/0xPolygonHermez/zkevm-node/config/gen_json_schema.go:212.73,213.33 1 18
github.com/0xPolygonHermez/zkevm-node/config/gen_json_schema.go:213.33,216.7 2 3
github.com/0xPolygonHermez/zkevm-node/config/gen_json_schema.go:217.11,218.59 1 15
github.com/0xPolygonHermez/zkevm-node/config/gen_json_schema.go:218.59,221.7 2 4
github.com/0xPolygonHermez/zkevm-node/config/gen_json_schema.go:223.18,226.60 3 76
github.com/0xPolygonHermez/zkevm-node/config/gen_json_schema.go:226.60,228.6 1 72
github.com/0xPolygonHermez/zkevm-node/config/gen_json_schema.go:228.11,230.6 1 4
github.com/0xPolygonHermez/zkevm-node/config/gen_json_schema.go:231.12,232.65 1 387
github.com/0xPolygonHermez/zkevm-node/config/gen_json_schema.go:232.65,234.12 2 80
github.com/0xPolygonHermez/zkevm-node/config/gen_json_schema.go:234.12,236.7 1 80
github.com/0xPolygonHermez/zkevm-node/config/gen_json_schema.go:237.11,239.6 1 307
github.com/0xPolygonHermez/zkevm-node/config/gen_json_schema.go:245.53,247.30 2 119
github.com/0xPolygonHermez/zkevm-node/config/gen_json_schema.go:247.30,249.3 1 25
github.com/0xPolygonHermez/zkevm-node/config/gen_json_schema.go:250.2,250.74 1 94
github.com/0xPolygonHermez/zkevm-node/config/gen_json_schema.go:250.74,253.28 3 528
github.com/0xPolygonHermez/zkevm-node/config/gen_json_schema.go:254.17,255.37 1 76
github.com/0xPolygonHermez/zkevm-node/config/gen_json_schema.go:256.16,257.43 1 33
github.com/0xPolygonHermez/zkevm-node/config/network.go:57.56,59.33 2 6
github.com/0xPolygonHermez/zkevm-node/config/network.go:60.22,64.17 4 6
github.com/0xPolygonHermez/zkevm-node/config/network.go:64.17,65.22 1 0
github.com/0xPolygonHermez/zkevm-node/config/network.go:67.10,68.64 1 0
github.com/0xPolygonHermez/zkevm-node/config/network.go:70.2,71.16 2 6
github.com/0xPolygonHermez/zkevm-node/config/network.go:71.16,72.86 1 2
github.com/0xPolygonHermez/zkevm-node/config/network.go:74.2,74.28 1 4
github.com/0xPolygonHermez/zkevm-node/config/network.go:78.62,79.19 1 6
github.com/0xPolygonHermez/zkevm-node/config/network.go:79.19,81.17 2 6
github.com/0xPolygonHermez/zkevm-node/config/network.go:81.17,83.4 1 0
github.com/0xPolygonHermez/zkevm-node/config/network.go:84.3,84.16 1 6
github.com/0xPolygonHermez/zkevm-node/config/network.go:84.16,86.18 2 6
github.com/0xPolygonHermez/zkevm-node/config/network.go:86.18,88.5 1 0
github.com/0xPolygonHermez/zkevm-node/config/network.go:91.3,92.17 2 6
github.com/0xPolygonHermez/zkevm-node/config/network.go:92.17,94.4 1 0
github.com/0xPolygonHermez/zkevm-node/config/network.go:95.3,95.24 1 6
github.com/0xPolygonHermez/zkevm-node/config/network.go:96.8,98.3 1 0
github.com/0xPolygonHermez/zkevm-node/config/network.go:102.71,106.66 3 6
github.com/0xPolygonHermez/zkevm-node/config/network.go:106.66,108.3 1 2
github.com/0xPolygonHermez/zkevm-node/config/network.go:110.2,110.31 1 4
github.com/0xPolygonHermez/zkevm-node/config/network.go:110.31,112.3 1 0
github.com/0xPolygonHermez/zkevm-node/config/network.go:114.2,121.42 3 4
github.com/0xPolygonHermez/zkevm-node/config/network.go:121.42,122.54 1 25
github.com/0xPolygonHermez/zkevm-node/config/network.go:122.54,129.4 2 8
github.com/0xPolygonHermez/zkevm-node/config/network.go:130.3,130.50 1 25
github.com/0xPolygonHermez/zkevm-node/config/network.go:130.50,137.4 2 22
github.com/0xPolygonHermez/zkevm-node/config/network.go:138.3,138.29 1 25
github.com/0xPolygonHermez/zkevm-node/config/network.go:138.29,145.4 2 17
github.com/0xPolygonHermez/zkevm-node/config/network.go:146.3,146.31 1 25
github.com/0xPolygonHermez/zkevm-node/config/network.go:146.31,147.58 1 13
github.com/0xPolygonHermez/zkevm-node/config/network.go:147.58,155.5 2 35
github.com/0xPolygonHermez/zkevm-node/config/network.go:159.2,159.17 1 4
github.com/0xPolygonHermez/zkevm-node/config/types/duration.go:15.53,17.16 2 3
github.com/0xPolygonHermez/zkevm-node/config/types/duration.go:17.16,19.3 1 2
github.com/0xPolygonHermez/zkevm-node/config/types/duration.go:20.2,21.12 2 1
github.com/0xPolygonHermez/zkevm-node/config/types/duration.go:25.51,27.2 1 0
github.com/0xPolygonHermez/zkevm-node/config/types/duration.go:30.49,40.2 1 0
github.com/0xPolygonHermez/zkevm-node/config/types/duration.go:43.49,45.2 1 0
github.com/0xPolygonHermez/zkevm-node/config/types/duration.go:48.50,50.2 1 0
github.com/0xPolygonHermez/zkevm-node/dataavailability/datacommittee/datacommittee.go:55.34,57.16 2 0
github.com/0xPolygonHermez/zkevm-node/dataavailability/datacommittee/datacommittee.go:57.16,60.3 2 0
github.com/0xPolygonHermez/zkevm-node/dataavailability/datacommittee/datacommittee.go:61.2,62.16 2 0
github.com/0xPolygonHermez/zkevm-node/dataavailability/datacommittee/datacommittee.go:62.16,64.3 1 0
github.com/0xPolygonHermez/zkevm-node/dataavailability/datacommittee/datacommittee.go:65.2,70.8 1 0
github.com/0xPolygonHermez/zkevm-node/dataavailability/datacommittee/datacommittee.go:74.45,76.16 2 0
github.com/0xPolygonHermez/zkevm-node/dataavailability/datacommittee/datacommittee.go:76.16,78.3 1 0
github.com/0xPolygonHermez/zkevm-node/dataavailability/datacommittee/datacommittee.go:79.2,80.22 2 0
github.com/0xPolygonHermez/zkevm-node/dataavailability/datacommittee/datacommittee.go:80.22,82.33 2 0
github.com/0xPolygonHermez/zkevm-node/dataavailability/datacommittee/datacommittee.go:82.33,84.4 1 0
github.com/0xPolygonHermez/zkevm-node/dataavailability/datacommittee/datacommittee.go:86.2,87.12 2 0
github.com/0xPolygonHermez/zkevm-node/dataavailability/datacommittee/datacommittee.go:91.98,94.35 3 0
github.com/0xPolygonHermez/zkevm-node/dataavailability/datacommittee/datacommittee.go:94.35,99.17 5 0
github.com/0xPolygonHermez/zkevm-node/dataavailability/datacommittee/datacommittee.go:99.17,105.49 3 0
github.com/0xPolygonHermez/zkevm-node/dataavailability/datacommittee/datacommittee.go:105.49,106.10 1 0
github.com/0xPolygonHermez/zkevm-node/dataavailability/datacommittee/datacommittee.go:108.4,108.12 1 0
github.com/0xPolygonHermez/zkevm-node/dataavailability/datacommittee/datacommittee.go:110.3,111.37 2 0
github.com/0xPolygonHermez/zkevm-node/dataavailability/datacommittee/datacommittee.go:111.37,120.49 4 0
github.com/0xPolygonHermez/zkevm-node/dataavailability/datacommittee/datacommittee.go:120.49,121.10 1 0
github.com/0xPolygonHermez/zkevm-node/dataavailability/datacommittee/datacommittee.go:123.4,123.12 1 0
github.com/0xPolygonHermez/zkevm-node/dataavailability/datacommittee/datacommittee.go:125.3,125.19 1 0
github.com/0xPolygonHermez/zkevm-node/dataavailability/datacommittee/datacommittee.go:127.2,127.33 1 0
github.com/0xPolygonHermez/zkevm-node/dataavailability/datacommittee/datacommittee.go:127.33,129.3 1 0
github.com/0xPolygonHermez/zkevm-node/dataavailability/datacommittee/datacommittee.go:130.2,130.75 1 0
github.com/0xPolygonHermez/zkevm-node/dataavailability/datacommittee/datacommittee.go:141.104,144.16 2 0
github.com/0xPolygonHermez/zkevm-node/dataavailability/datacommittee/datacommittee.go:144.16,146.3 1 0
github.com/0xPolygonHermez/zkevm-node/dataavailability/datacommittee/datacommittee.go:149.2,150.34 2 0
github.com/0xPolygonHermez/zkevm-node/dataavailability/datacommittee/datacommittee.go:150.34,152.3 1 0
github.com/0xPolygonHermez/zkevm-node/dataavailability/datacommittee/datacommittee.go:153.2,154.16 2 0
github.com/0xPolygonHermez/zkevm-node/dataavailability/datacommittee/datacommittee.go:154.16,156.3 1 0
github.com/0xPolygonHermez/zkevm-node/dataavailability/datacommittee/datacommittee.go:159.2,161.43 3 0
github.com/0xPolygonHermez/zkevm-node/dataavailability/datacommittee/datacommittee.go:161.43,163.3 1 0
github.com/0xPolygonHermez/zkevm-node/dataavailability/datacommittee/datacommittee.go:166.2,171.57 3 0
github.com/0xPolygonHermez/zkevm-node/dataavailability/datacommittee/datacommittee.go:171.57,173.21 2 0
github.com/0xPolygonHermez/zkevm-node/dataavailability/datacommittee/datacommittee.go:173.21,176.87 3 0
github.com/0xPolygonHermez/zkevm-node/dataavailability/datacommittee/datacommittee.go:176.87,179.5 2 0
github.com/0xPolygonHermez/zkevm-node/dataavailability/datacommittee/datacommittee.go:180.9,183.4 2 0
github.com/0xPolygonHermez/zkevm-node/dataavailability/datacommittee/datacommittee.go:184.3,184.27 1 0
github.com/0xPolygonHermez/zkevm-node/dataavailability/datacommittee/datacommittee.go:188.2,190.77 2 0
github.com/0xPolygonHermez/zkevm-node/dataavailability/datacommittee/datacommittee.go:193.143,198.16 4 0
github.com/0xPolygonHermez/zkevm-node/dataavailability/datacommittee/datacommittee.go:198.16,204.3 2 0
github.com/0xPolygonHermez/zkevm-node/dataavailability/datacommittee/datacommittee.go:206.2,208.16 3 0
github.com/0xPolygonHermez/zkevm-node/dataavailability/datacommittee/datacommittee.go:208.16,214.3 2 0
github.com/0xPolygonHermez/zkevm-node/dataavailability/datacommittee/datacommittee.go:215.2,215.27 1 0
github.com/0xPolygonHermez/zkevm-node/dataavailability/datacommittee/datacommittee.go:215.27,221.3 2 0
github.com/0xPolygonHermez/zkevm-node/dataavailability/datacommittee/datacommittee.go:222.2,225.3 1 0
github.com/0xPolygonHermez/zkevm-node/dataavailability/datacommittee/datacommittee.go:228.88,235.27 4 0
github.com/0xPolygonHermez/zkevm-node/dataavailability/datacommittee/datacommittee.go:235.27,238.3 2 0
github.com/0xPolygonHermez/zkevm-node/dataavailability/datacommittee/datacommittee.go:239.2,239.33 1 0
github.com/0xPolygonHermez/zkevm-node/dataavailability/datacommittee/datacommittee.go:239.33,242.3 2 0
github.com/0xPolygonHermez/zkevm-node/dataavailability/datacommittee/datacommittee.go:243.2,244.12 2 0
github.com/0xPolygonHermez/zkevm-node/dataavailability/datacommittee/datacommittee.go:249.34,249.51 1 0
github.com/0xPolygonHermez/zkevm-node/dataavailability/datacommittee/datacommittee.go:250.44,252.2 1 0
github.com/0xPolygonHermez/zkevm-node/dataavailability/datacommittee/datacommittee.go:253.39,253.66 1 0
github.com/0xPolygonHermez/zkevm-node/dataavailability/datacommittee/datacommittee.go:256.82,258.16 2 1
github.com/0xPolygonHermez/zkevm-node/dataavailability/datacommittee/datacommittee.go:258.16,260.3 1 0
github.com/0xPolygonHermez/zkevm-node/dataavailability/datacommittee/datacommittee.go:261.2,262.16 2 1
github.com/0xPolygonHermez/zkevm-node/dataavailability/datacommittee/datacommittee.go:262.16,264.3 1 0
github.com/0xPolygonHermez/zkevm-node/dataavailability/datacommittee/datacommittee.go:265.2,266.16 2 1
github.com/0xPolygonHermez/zkevm-node/dataavailability/datacommittee/datacommittee.go:266.16,268.3 1 0
github.com/0xPolygonHermez/zkevm-node/dataavailability/datacommittee/datacommittee.go:270.2,274.8 1 1
github.com/0xPolygonHermez/zkevm-node/dataavailability/datacommittee/datacommittee.go:278.96,280.16 2 1
github.com/0xPolygonHermez/zkevm-node/dataavailability/datacommittee/datacommittee.go:280.16,282.3 1 0
github.com/0xPolygonHermez/zkevm-node/dataavailability/datacommittee/datacommittee.go:283.2,284.47 2 1
github.com/0xPolygonHermez/zkevm-node/dataavailability/datacommittee/datacommittee.go:284.47,286.17 2 3
github.com/0xPolygonHermez/zkevm-node/dataavailability/datacommittee/datacommittee.go:286.17,288.4 1 0
github.com/0xPolygonHermez/zkevm-node/dataavailability/datacommittee/datacommittee.go:289.3,292.5 1 3
github.com/0xPolygonHermez/zkevm-node/dataavailability/datacommittee/datacommittee.go:294.2,294.21 1 1
github.com/0xPolygonHermez/zkevm-node/etherman/errors.go:38.45,40.13 2 3
github.com/0xPolygonHermez/zkevm-node/etherman/errors.go:40.13,41.46 1 2
github.com/0xPolygonHermez/zkevm-node/etherman/errors.go:41.46,42.45 1 12
github.com/0xPolygonHermez/zkevm-node/etherman/errors.go:42.45,44.5 1 1
github.com/0xPolygonHermez/zkevm-node/etherman/errors.go:47.2,47.28 1 2
github.com/0xPolygonHermez/zkevm-node/etherman/etherman.go:115.44,115.83 1 0
github.com/0xPolygonHermez/zkevm-node/etherman/etherman.go:118.48,118.102 1 0
github.com/0xPolygonHermez/zkevm-node/etherman/etherman.go:200.103,203.16 2 0
[...]
github.com/0xPolygonHermez/zkevm-node/test/e2e/debug_shared.go:650.190,676.2 18 0
github.com/0xPolygonHermez/zkevm-node/test/e2e/debug_shared.go:678.198,704.2 18 0
github.com/0xPolygonHermez/zkevm-node/test/e2e/debug_shared.go:706.138,731.92 17 0
github.com/0xPolygonHermez/zkevm-node/test/e2e/debug_shared.go:731.92,758.3 13 0
github.com/0xPolygonHermez/zkevm-node/test/e2e/debug_shared.go:760.2,765.8 1 0
github.com/0xPolygonHermez/zkevm-node/test/e2e/debug_shared.go:768.179,791.2 16 0
github.com/0xPolygonHermez/zkevm-node/test/e2e/debug_shared.go:793.137,810.2 9 0
github.com/0xPolygonHermez/zkevm-node/test/e2e/debug_shared.go:812.178,830.2 12 0
github.com/0xPolygonHermez/zkevm-node/test/e2e/debug_shared.go:832.186,851.2 9 0
github.com/0xPolygonHermez/zkevm-node/test/e2e/forced_batches_vector_shared.go:23.83,31.91 6 0
github.com/0xPolygonHermez/zkevm-node/test/e2e/forced_batches_vector_shared.go:31.91,32.17 1 0
github.com/0xPolygonHermez/zkevm-node/test/e2e/forced_batches_vector_shared.go:32.17,34.4 1 0
github.com/0xPolygonHermez/zkevm-node/test/e2e/forced_batches_vector_shared.go:35.3,35.68 1 0
github.com/0xPolygonHermez/zkevm-node/test/e2e/forced_batches_vector_shared.go:35.68,37.42 1 0
github.com/0xPolygonHermez/zkevm-node/test/e2e/forced_batches_vector_shared.go:37.42,39.18 1 0
github.com/0xPolygonHermez/zkevm-node/test/e2e/forced_batches_vector_shared.go:39.18,41.6 1 0
github.com/0xPolygonHermez/zkevm-node/test/e2e/forced_batches_vector_shared.go:44.5,89.19 34 0
github.com/0xPolygonHermez/zkevm-node/test/e2e/forced_batches_vector_shared.go:89.19,93.6 3 0
github.com/0xPolygonHermez/zkevm-node/test/e2e/forced_batches_vector_shared.go:95.5,99.63 5 0
github.com/0xPolygonHermez/zkevm-node/test/e2e/forced_batches_vector_shared.go:99.63,100.41 1 0
github.com/0xPolygonHermez/zkevm-node/test/e2e/forced_batches_vector_shared.go:100.41,102.7 1 0
github.com/0xPolygonHermez/zkevm-node/test/e2e/forced_batches_vector_shared.go:102.12,104.7 1 0
github.com/0xPolygonHermez/zkevm-node/test/e2e/forced_batches_vector_shared.go:105.6,114.41 9 0
github.com/0xPolygonHermez/zkevm-node/test/e2e/forced_batches_vector_shared.go:114.41,116.79 2 0
github.com/0xPolygonHermez/zkevm-node/test/e2e/forced_batches_vector_shared.go:116.79,124.8 7 0
github.com/0xPolygonHermez/zkevm-node/test/e2e/forced_batches_vector_shared.go:126.7,129.102 4 0
github.com/0xPolygonHermez/zkevm-node/test/e2e/forced_batches_vector_shared.go:132.5,132.11 1 0
github.com/0xPolygonHermez/zkevm-node/test/e2e/forced_batches_vector_shared.go:135.4,135.14 1 0
github.com/0xPolygonHermez/zkevm-node/test/e2e/forced_batches_vector_shared.go:137.3,137.13 1 0
github.com/0xPolygonHermez/zkevm-node/test/e2e/forced_batches_vector_shared.go:139.2,139.25 1 0
github.com/0xPolygonHermez/zkevm-node/test/e2e/shared.go:59.14,63.16 4 0
github.com/0xPolygonHermez/zkevm-node/test/e2e/shared.go:63.16,64.13 1 0
github.com/0xPolygonHermez/zkevm-node/test/e2e/shared.go:67.2,69.16 3 0
github.com/0xPolygonHermez/zkevm-node/test/e2e/shared.go:69.16,70.13 1 0
github.com/0xPolygonHermez/zkevm-node/test/e2e/shared.go:72.2,73.16 2 0
github.com/0xPolygonHermez/zkevm-node/test/e2e/shared.go:73.16,74.13 1 0
github.com/0xPolygonHermez/zkevm-node/test/e2e/shared.go:78.17,80.16 2 0
github.com/0xPolygonHermez/zkevm-node/test/e2e/shared.go:80.16,81.13 1 0
github.com/0xPolygonHermez/zkevm-node/test/e2e/shared.go:85.133,87.16 2 0
github.com/0xPolygonHermez/zkevm-node/test/e2e/shared.go:87.16,89.3 1 0
github.com/0xPolygonHermez/zkevm-node/test/e2e/shared.go:90.2,91.16 2 0
github.com/0xPolygonHermez/zkevm-node/test/e2e/shared.go:91.16,93.3 1 0
github.com/0xPolygonHermez/zkevm-node/test/e2e/shared.go:95.2,96.16 2 0
github.com/0xPolygonHermez/zkevm-node/test/e2e/shared.go:96.16,98.3 1 0
github.com/0xPolygonHermez/zkevm-node/test/e2e/shared.go:100.2,101.31 2 0
github.com/0xPolygonHermez/zkevm-node/test/e2e/shared.go:101.31,103.3 1 0
github.com/0xPolygonHermez/zkevm-node/test/e2e/shared.go:104.2,106.16 3 0
github.com/0xPolygonHermez/zkevm-node/test/e2e/shared.go:106.16,108.3 1 0
github.com/0xPolygonHermez/zkevm-node/test/e2e/shared.go:109.2,111.16 3 0
github.com/0xPolygonHermez/zkevm-node/test/e2e/shared.go:111.16,113.3 1 0
github.com/0xPolygonHermez/zkevm-node/test/e2e/shared.go:114.2,114.22 1 0
github.com/0xPolygonHermez/zkevm-node/test/e2e/shared.go:117.38,132.2 11 0
github.com/0xPolygonHermez/zkevm-node/test/e2e/shared.go:134.107,189.28 36 0
github.com/0xPolygonHermez/zkevm-node/test/e2e/shared.go:189.28,190.59 1 0
github.com/0xPolygonHermez/zkevm-node/test/e2e/shared.go:190.59,193.12 3 0
github.com/0xPolygonHermez/zkevm-node/test/e2e/shared.go:195.3,196.17 2 0
github.com/0xPolygonHermez/zkevm-node/test/e2e/shared.go:196.17,198.4 1 0
github.com/0xPolygonHermez/zkevm-node/test/e2e/shared.go:199.3,204.17 6 0
github.com/0xPolygonHermez/zkevm-node/test/e2e/shared.go:204.17,207.4 2 0
github.com/0xPolygonHermez/zkevm-node/test/e2e/shared.go:208.3,210.44 3 0
github.com/0xPolygonHermez/zkevm-node/test/e2e/shared.go:210.44,213.4 2 0
github.com/0xPolygonHermez/zkevm-node/test/e2e/shared.go:214.3,223.26 8 0
github.com/0xPolygonHermez/zkevm-node/test/e2e/shared.go:226.2,226.25 1 0
github.com/0xPolygonHermez/zkevm-node/test/scripts/cmd/dependencies/files.go:14.66,16.89 2 5
github.com/0xPolygonHermez/zkevm-node/test/scripts/cmd/dependencies/files.go:16.89,17.17 1 21
github.com/0xPolygonHermez/zkevm-node/test/scripts/cmd/dependencies/files.go:17.17,19.4 1 0
github.com/0xPolygonHermez/zkevm-node/test/scripts/cmd/dependencies/files.go:20.3,20.34 1 21
github.com/0xPolygonHermez/zkevm-node/test/scripts/cmd/dependencies/files.go:20.34,22.4 1 13
github.com/0xPolygonHermez/zkevm-node/test/scripts/cmd/dependencies/files.go:23.3,27.25 4 8
github.com/0xPolygonHermez/zkevm-node/test/scripts/cmd/dependencies/files.go:27.25,31.4 1 1
github.com/0xPolygonHermez/zkevm-node/test/scripts/cmd/dependencies/files.go:32.3,32.17 1 7
github.com/0xPolygonHermez/zkevm-node/test/scripts/cmd/dependencies/files.go:32.17,34.4 1 0
github.com/0xPolygonHermez/zkevm-node/test/scripts/cmd/dependencies/files.go:35.3,35.16 1 7
github.com/0xPolygonHermez/zkevm-node/test/scripts/cmd/dependencies/files.go:35.16,36.45 1 7
github.com/0xPolygonHermez/zkevm-node/test/scripts/cmd/dependencies/files.go:36.45,38.5 1 0
github.com/0xPolygonHermez/zkevm-node/test/scripts/cmd/dependencies/files.go:40.3,41.17 2 7
github.com/0xPolygonHermez/zkevm-node/test/scripts/cmd/dependencies/files.go:41.17,43.4 1 0
github.com/0xPolygonHermez/zkevm-node/test/scripts/cmd/dependencies/files.go:44.3,44.16 1 7
github.com/0xPolygonHermez/zkevm-node/test/scripts/cmd/dependencies/files.go:44.16,45.45 1 7
github.com/0xPolygonHermez/zkevm-node/test/scripts/cmd/dependencies/files.go:45.45,47.5 1 0
github.com/0xPolygonHermez/zkevm-node/test/scripts/cmd/dependencies/files.go:49.3,50.7 2 7
github.com/0xPolygonHermez/zkevm-node/test/scripts/cmd/dependencies/files.go:50.7,52.35 2 14
github.com/0xPolygonHermez/zkevm-node/test/scripts/cmd/dependencies/files.go:52.35,54.5 1 0
github.com/0xPolygonHermez/zkevm-node/test/scripts/cmd/dependencies/files.go:55.4,55.14 1 14
github.com/0xPolygonHermez/zkevm-node/test/scripts/cmd/dependencies/files.go:55.14,56.10 1 7
github.com/0xPolygonHermez/zkevm-node/test/scripts/cmd/dependencies/files.go:58.4,58.55 1 7
github.com/0xPolygonHermez/zkevm-node/test/scripts/cmd/dependencies/files.go:58.55,60.5 1 0
github.com/0xPolygonHermez/zkevm-node/test/scripts/cmd/dependencies/files.go:62.3,62.13 1 7
github.com/0xPolygonHermez/zkevm-node/test/scripts/cmd/dependencies/files.go:64.2,64.12 1 5
github.com/0xPolygonHermez/zkevm-node/test/scripts/cmd/dependencies/files.go:67.46,68.40 1 10
github.com/0xPolygonHermez/zkevm-node/test/scripts/cmd/dependencies/files.go:68.40,70.3 1 10
github.com/0xPolygonHermez/zkevm-node/test/scripts/cmd/dependencies/files.go:71.2,73.50 2 0
github.com/0xPolygonHermez/zkevm-node/test/scripts/cmd/dependencies/github.go:25.78,31.2 1 1
github.com/0xPolygonHermez/zkevm-node/test/scripts/cmd/dependencies/github.go:33.74,35.16 2 1
github.com/0xPolygonHermez/zkevm-node/test/scripts/cmd/dependencies/github.go:35.16,37.3 1 0
github.com/0xPolygonHermez/zkevm-node/test/scripts/cmd/dependencies/github.go:38.2,40.16 3 1
github.com/0xPolygonHermez/zkevm-node/test/scripts/cmd/dependencies/github.go:40.16,42.3 1 0
github.com/0xPolygonHermez/zkevm-node/test/scripts/cmd/dependencies/github.go:43.2,46.39 2 1
github.com/0xPolygonHermez/zkevm-node/test/scripts/cmd/dependencies/github.go:46.39,48.17 2 0
github.com/0xPolygonHermez/zkevm-node/test/scripts/cmd/dependencies/github.go:48.17,50.4 1 0
github.com/0xPolygonHermez/zkevm-node/test/scripts/cmd/dependencies/github.go:51.3,51.18 1 0
github.com/0xPolygonHermez/zkevm-node/test/scripts/cmd/dependencies/github.go:51.18,53.4 1 0
github.com/0xPolygonHermez/zkevm-node/test/scripts/cmd/dependencies/github.go:55.2,57.16 3 1
github.com/0xPolygonHermez/zkevm-node/test/scripts/cmd/dependencies/github.go:57.16,59.3 1 0
github.com/0xPolygonHermez/zkevm-node/test/scripts/cmd/dependencies/github.go:60.2,60.20 1 1
github.com/0xPolygonHermez/zkevm-node/test/scripts/cmd/dependencies/github.go:63.72,64.20 1 0
github.com/0xPolygonHermez/zkevm-node/test/scripts/cmd/dependencies/github.go:64.20,69.3 1 0
github.com/0xPolygonHermez/zkevm-node/test/scripts/cmd/dependencies/github.go:71.2,72.16 2 0
github.com/0xPolygonHermez/zkevm-node/test/scripts/cmd/dependencies/github.go:72.16,74.3 1 0
github.com/0xPolygonHermez/zkevm-node/test/scripts/cmd/dependencies/github.go:75.2,75.15 1 0
github.com/0xPolygonHermez/zkevm-node/test/scripts/cmd/dependencies/github.go:75.15,76.59 1 0
github.com/0xPolygonHermez/zkevm-node/test/scripts/cmd/dependencies/github.go:76.59,78.4 1 0
github.com/0xPolygonHermez/zkevm-node/test/scripts/cmd/dependencies/github.go:80.2,81.16 2 0
github.com/0xPolygonHermez/zkevm-node/test/scripts/cmd/dependencies/github.go:81.16,83.3 1 0
github.com/0xPolygonHermez/zkevm-node/test/scripts/cmd/dependencies/github.go:84.2,86.16 3 0
github.com/0xPolygonHermez/zkevm-node/test/scripts/cmd/dependencies/github.go:86.16,88.3 1 0
github.com/0xPolygonHermez/zkevm-node/test/scripts/cmd/dependencies/github.go:90.2,90.18 1 0
github.com/0xPolygonHermez/zkevm-node/test/scripts/cmd/dependencies/github.go:103.47,105.2 1 1
github.com/0xPolygonHermez/zkevm-node/test/scripts/cmd/dependencies/github.go:108.66,110.2 1 0
github.com/0xPolygonHermez/zkevm-node/test/scripts/cmd/dependencies/github.go:113.96,114.27 1 13
github.com/0xPolygonHermez/zkevm-node/test/scripts/cmd/dependencies/github.go:114.27,115.48 1 9
github.com/0xPolygonHermez/zkevm-node/test/scripts/cmd/dependencies/github.go:115.48,117.4 1 0
github.com/0xPolygonHermez/zkevm-node/test/scripts/cmd/dependencies/github.go:120.2,121.16 2 13
github.com/0xPolygonHermez/zkevm-node/test/scripts/cmd/dependencies/github.go:121.16,123.3 1 4
github.com/0xPolygonHermez/zkevm-node/test/scripts/cmd/dependencies/github.go:125.2,129.23 2 9
github.com/0xPolygonHermez/zkevm-node/test/scripts/cmd/dependencies/github.go:132.55,134.16 2 9
github.com/0xPolygonHermez/zkevm-node/test/scripts/cmd/dependencies/github.go:134.16,135.67 1 9
github.com/0xPolygonHermez/zkevm-node/test/scripts/cmd/dependencies/github.go:135.67,137.4 1 0
github.com/0xPolygonHermez/zkevm-node/test/scripts/cmd/dependencies/github.go:140.2,140.12 1 9
github.com/0xPolygonHermez/zkevm-node/test/scripts/cmd/dependencies/github.go:144.66,146.16 2 3
github.com/0xPolygonHermez/zkevm-node/test/scripts/cmd/dependencies/github.go:146.16,148.3 1 0
github.com/0xPolygonHermez/zkevm-node/test/scripts/cmd/dependencies/github.go:150.2,153.15 3 3
github.com/0xPolygonHermez/zkevm-node/test/scripts/cmd/dependencies/github.go:157.52,158.41 1 0
github.com/0xPolygonHermez/zkevm-node/test/scripts/cmd/dependencies/github.go:158.41,160.3 1 0
github.com/0xPolygonHermez/zkevm-node/test/scripts/cmd/dependencies/github.go:162.2,162.28 1 0
github.com/0xPolygonHermez/zkevm-node/test/scripts/cmd/dependencies/github.go:166.68,168.2 1 0
github.com/0xPolygonHermez/zkevm-node/test/scripts/cmd/dependencies/github.go:171.64,173.2 1 4
github.com/0xPolygonHermez/zkevm-node/test/scripts/cmd/dependencies/github.go:176.65,178.2 1 0
github.com/0xPolygonHermez/zkevm-node/test/scripts/cmd/dependencies/github.go:181.52,183.2 1 0
github.com/0xPolygonHermez/zkevm-node/test/scripts/cmd/dependencies/github.go:186.71,187.69 1 0
github.com/0xPolygonHermez/zkevm-node/test/scripts/cmd/dependencies/github.go:187.69,189.3 1 0
github.com/0xPolygonHermez/zkevm-node/test/scripts/cmd/dependencies/github.go:191.2,192.16 2 0
github.com/0xPolygonHermez/zkevm-node/test/scripts/cmd/dependencies/github.go:192.16,194.3 1 0
github.com/0xPolygonHermez/zkevm-node/test/scripts/cmd/dependencies/github.go:195.2,195.28 1 0
github.com/0xPolygonHermez/zkevm-node/test/scripts/cmd/dependencies/github.go:199.50,201.2 1 40
github.com/0xPolygonHermez/zkevm-node/test/scripts/cmd/dependencies/github.go:204.51,206.2 1 0
github.com/0xPolygonHermez/zkevm-node/test/scripts/cmd/dependencies/github.go:209.66,211.13 2 11
github.com/0xPolygonHermez/zkevm-node/test/scripts/cmd/dependencies/github.go:211.13,213.17 2 11
github.com/0xPolygonHermez/zkevm-node/test/scripts/cmd/dependencies/github.go:213.17,215.4 1 2
github.com/0xPolygonHermez/zkevm-node/test/scripts/cmd/dependencies/github.go:217.3,217.16 1 9
github.com/0xPolygonHermez/zkevm-node/test/scripts/cmd/dependencies/github.go:220.2,220.29 1 0
github.com/0xPolygonHermez/zkevm-node/test/scripts/cmd/dependencies/github.go:224.57,225.43 1 0
github.com/0xPolygonHermez/zkevm-node/test/scripts/cmd/dependencies/github.go:225.43,227.3 1 0
github.com/0xPolygonHermez/zkevm-node/test/scripts/cmd/dependencies/github.go:230.2,230.12 1 0
github.com/0xPolygonHermez/zkevm-node/test/scripts/cmd/dependencies/github.go:234.60,237.2 1 0
github.com/0xPolygonHermez/zkevm-node/test/scripts/cmd/dependencies/github.go:240.54,242.2 1 0
github.com/0xPolygonHermez/zkevm-node/test/scripts/cmd/dependencies/github.go:250.29,252.2 1 0
github.com/0xPolygonHermez/zkevm-node/test/scripts/cmd/dependencies/github.go:255.31,257.2 1 0
github.com/0xPolygonHermez/zkevm-node/test/scripts/cmd/dependencies/images.go:34.76,45.2 1 0
github.com/0xPolygonHermez/zkevm-node/test/scripts/cmd/dependencies/images.go:47.40,48.34 1 0
github.com/0xPolygonHermez/zkevm-node/test/scripts/cmd/dependencies/images.go:48.34,49.47 1 0
github.com/0xPolygonHermez/zkevm-node/test/scripts/cmd/dependencies/images.go:49.47,51.4 1 0
github.com/0xPolygonHermez/zkevm-node/test/scripts/cmd/dependencies/images.go:53.2,53.12 1 0
github.com/0xPolygonHermez/zkevm-node/test/scripts/cmd/dependencies/images.go:56.61,58.16 2 0
github.com/0xPolygonHermez/zkevm-node/test/scripts/cmd/dependencies/images.go:58.16,60.3 1 0
github.com/0xPolygonHermez/zkevm-node/test/scripts/cmd/dependencies/images.go:62.2,63.16 2 0
github.com/0xPolygonHermez/zkevm-node/test/scripts/cmd/dependencies/images.go:63.16,65.3 1 0
github.com/0xPolygonHermez/zkevm-node/test/scripts/cmd/dependencies/images.go:67.2,67.35 1 0
github.com/0xPolygonHermez/zkevm-node/test/scripts/cmd/dependencies/images.go:67.35,68.81 1 0
github.com/0xPolygonHermez/zkevm-node/test/scripts/cmd/dependencies/images.go:68.81,70.4 1 0
github.com/0xPolygonHermez/zkevm-node/test/scripts/cmd/dependencies/images.go:72.2,72.12 1 0
github.com/0xPolygonHermez/zkevm-node/test/scripts/cmd/dependencies/images.go:75.77,77.16 2 5
github.com/0xPolygonHermez/zkevm-node/test/scripts/cmd/dependencies/images.go:77.16,79.3 1 0
github.com/0xPolygonHermez/zkevm-node/test/scripts/cmd/dependencies/images.go:81.2,88.16 3 5
github.com/0xPolygonHermez/zkevm-node/test/scripts/cmd/dependencies/images.go:88.16,90.3 1 1
github.com/0xPolygonHermez/zkevm-node/test/scripts/cmd/dependencies/images.go:91.2,91.37 1 4
github.com/0xPolygonHermez/zkevm-node/test/scripts/cmd/dependencies/images.go:91.37,92.20 1 5
github.com/0xPolygonHermez/zkevm-node/test/scripts/cmd/dependencies/images.go:92.20,93.12 1 0
github.com/0xPolygonHermez/zkevm-node/test/scripts/cmd/dependencies/images.go:95.3,97.33 3 5
github.com/0xPolygonHermez/zkevm-node/test/scripts/cmd/dependencies/images.go:97.33,98.12 1 2
github.com/0xPolygonHermez/zkevm-node/test/scripts/cmd/dependencies/images.go:100.3,100.45 1 3
github.com/0xPolygonHermez/zkevm-node/test/scripts/cmd/dependencies/images.go:100.45,103.4 2 2
github.com/0xPolygonHermez/zkevm-node/test/scripts/cmd/dependencies/images.go:105.2,105.81 1 2
github.com/0xPolygonHermez/zkevm-node/test/scripts/cmd/dependencies/images.go:108.76,110.16 2 0
github.com/0xPolygonHermez/zkevm-node/test/scripts/cmd/dependencies/images.go:110.16,112.3 1 0
github.com/0xPolygonHermez/zkevm-node/test/scripts/cmd/dependencies/images.go:113.2,113.36 1 0
github.com/0xPolygonHermez/zkevm-node/test/scripts/cmd/dependencies/images.go:116.91,120.16 4 5
github.com/0xPolygonHermez/zkevm-node/test/scripts/cmd/dependencies/images.go:120.16,122.3 1 0
github.com/0xPolygonHermez/zkevm-node/test/scripts/cmd/dependencies/images.go:123.2,128.73 4 5
github.com/0xPolygonHermez/zkevm-node/test/scripts/cmd/dependencies/images.go:131.45,134.16 3 0
github.com/0xPolygonHermez/zkevm-node/test/scripts/cmd/dependencies/images.go:134.16,136.3 1 0
github.com/0xPolygonHermez/zkevm-node/test/scripts/cmd/dependencies/images.go:137.2,139.16 3 0
github.com/0xPolygonHermez/zkevm-node/test/scripts/cmd/dependencies/images.go:139.16,141.3 1 0
github.com/0xPolygonHermez/zkevm-node/test/scripts/cmd/dependencies/images.go:142.2,143.16 2 0
github.com/0xPolygonHermez/zkevm-node/test/scripts/cmd/dependencies/images.go:143.16,145.3 1 0
github.com/0xPolygonHermez/zkevm-node/test/scripts/cmd/dependencies/images.go:147.2,147.16 1 0
github.com/0xPolygonHermez/zkevm-node/test/scripts/cmd/dependencies/images.go:154.73,157.16 3 0
github.com/0xPolygonHermez/zkevm-node/test/scripts/cmd/dependencies/images.go:157.16,159.3 1 0
github.com/0xPolygonHermez/zkevm-node/test/scripts/cmd/dependencies/images.go:161.2,163.16 3 0
github.com/0xPolygonHermez/zkevm-node/test/scripts/cmd/dependencies/images.go:163.16,165.3 1 0
github.com/0xPolygonHermez/zkevm-node/test/scripts/cmd/dependencies/images.go:167.2,174.16 5 0
github.com/0xPolygonHermez/zkevm-node/test/scripts/cmd/dependencies/images.go:174.16,176.3 1 0
github.com/0xPolygonHermez/zkevm-node/test/scripts/cmd/dependencies/images.go:177.2,179.32 3 0
github.com/0xPolygonHermez/zkevm-node/test/scripts/cmd/dependencies/images.go:179.32,181.3 1 0
github.com/0xPolygonHermez/zkevm-node/test/scripts/cmd/dependencies/images.go:182.2,183.22 2 0
github.com/0xPolygonHermez/zkevm-node/test/scripts/cmd/dependencies/manager.go:20.39,24.2 1 0
github.com/0xPolygonHermez/zkevm-node/test/scripts/cmd/dependencies/manager.go:28.31,33.47 4 0
github.com/0xPolygonHermez/zkevm-node/test/scripts/cmd/dependencies/manager.go:33.47,34.38 1 0
github.com/0xPolygonHermez/zkevm-node/test/scripts/cmd/dependencies/manager.go:34.38,36.4 1 0
github.com/0xPolygonHermez/zkevm-node/test/scripts/cmd/dependencies/manager.go:38.2,38.12 1 0
github.com/0xPolygonHermez/zkevm-node/test/scripts/cmd/dependencies/protobuffers.go:26.64,39.2 3 0
github.com/0xPolygonHermez/zkevm-node/test/scripts/cmd/dependencies/protobuffers.go:41.37,44.16 3 0
github.com/0xPolygonHermez/zkevm-node/test/scripts/cmd/dependencies/protobuffers.go:44.16,46.3 1 0
github.com/0xPolygonHermez/zkevm-node/test/scripts/cmd/dependencies/protobuffers.go:48.2,52.16 4 0
github.com/0xPolygonHermez/zkevm-node/test/scripts/cmd/dependencies/protobuffers.go:52.16,54.3 1 0
github.com/0xPolygonHermez/zkevm-node/test/scripts/cmd/dependencies/protobuffers.go:56.2,62.16 6 0
github.com/0xPolygonHermez/zkevm-node/test/scripts/cmd/dependencies/testvectors.go:25.80,38.2 3 0
github.com/0xPolygonHermez/zkevm-node/test/scripts/cmd/dependencies/testvectors.go:40.45,43.16 3 0
github.com/0xPolygonHermez/zkevm-node/test/scripts/cmd/dependencies/testvectors.go:43.16,45.3 1 0
github.com/0xPolygonHermez/zkevm-node/test/scripts/cmd/dependencies/testvectors.go:47.2,50.50 3 0
